2018-09-07 21:23:03.761  INFO 10664 --- [main] ar.com.tandilweb.byo.backend.App         : Starting App on DESKTOP-LJ9DFVO with PID 10664 (D:\Usuario\Documentos\eclipse-byo-backend\backend\target\classes started by Alexander in D:\Usuario\Documentos\eclipse-byo-backend\backend)
2018-09-07 21:23:03.764  INFO 10664 --- [main] ar.com.tandilweb.byo.backend.App         : No active profile set, falling back to default profiles: default
2018-09-07 21:23:03.780  INFO 10664 --- [main] ConfigServletWebServerApplicationContext : Refreshing org.springframework.boot.web.servlet.context.AnnotationConfigServletWebServerApplicationContext@23f7d05d: startup date [Fri Sep 07 21:23:03 ART 2018]; root of context hierarchy
2018-09-07 21:23:03.872  WARN 10664 --- [main] ConfigServletWebServerApplicationContext : Exception encountered during context initialization - cancelling refresh attempt: org.springframework.context.ApplicationContextException: Unable to start web server; nested exception is org.springframework.context.ApplicationContextException: Unable to start ServletWebServerApplicationContext due to missing ServletWebServerFactory bean.
2018-09-07 21:23:04.115 ERROR 10664 --- [main] o.s.boot.SpringApplication               : Application run failed

org.springframework.context.ApplicationContextException: Unable to start web server; nested exception is org.springframework.context.ApplicationContextException: Unable to start ServletWebServerApplicationContext due to missing ServletWebServerFactory bean.
	at org.springframework.boot.web.servlet.context.ServletWebServerApplicationContext.onRefresh(ServletWebServerApplicationContext.java:155) ~[spring-boot-2.0.2.RELEASE.jar:2.0.2.RELEASE]
	at org.springframework.context.support.AbstractApplicationContext.refresh(AbstractApplicationContext.java:544) ~[spring-context-5.0.6.RELEASE.jar:5.0.6.RELEASE]
	at org.springframework.boot.web.servlet.context.ServletWebServerApplicationContext.refresh(ServletWebServerApplicationContext.java:140) ~[spring-boot-2.0.2.RELEASE.jar:2.0.2.RELEASE]
	at org.springframework.boot.SpringApplication.refresh(SpringApplication.java:759) [spring-boot-2.0.2.RELEASE.jar:2.0.2.RELEASE]
	at org.springframework.boot.SpringApplication.refreshContext(SpringApplication.java:395) [spring-boot-2.0.2.RELEASE.jar:2.0.2.RELEASE]
	at org.springframework.boot.SpringApplication.run(SpringApplication.java:327) [spring-boot-2.0.2.RELEASE.jar:2.0.2.RELEASE]
	at org.springframework.boot.SpringApplication.run(SpringApplication.java:1255) [spring-boot-2.0.2.RELEASE.jar:2.0.2.RELEASE]
	at org.springframework.boot.SpringApplication.run(SpringApplication.java:1243) [spring-boot-2.0.2.RELEASE.jar:2.0.2.RELEASE]
	at ar.com.tandilweb.byo.backend.App.main(App.java:14) [classes/:na]
Caused by: org.springframework.context.ApplicationContextException: Unable to start ServletWebServerApplicationContext due to missing ServletWebServerFactory bean.
	at org.springframework.boot.web.servlet.context.ServletWebServerApplicationContext.getWebServerFactory(ServletWebServerApplicationContext.java:204) ~[spring-boot-2.0.2.RELEASE.jar:2.0.2.RELEASE]
	at org.springframework.boot.web.servlet.context.ServletWebServerApplicationContext.createWebServer(ServletWebServerApplicationContext.java:178) ~[spring-boot-2.0.2.RELEASE.jar:2.0.2.RELEASE]
	at org.springframework.boot.web.servlet.context.ServletWebServerApplicationContext.onRefresh(ServletWebServerApplicationContext.java:152) ~[spring-boot-2.0.2.RELEASE.jar:2.0.2.RELEASE]
	... 8 common frames omitted

2018-09-07 21:23:56.131  INFO 7500 --- [main] ar.com.tandilweb.byo.backend.App         : Starting App on DESKTOP-LJ9DFVO with PID 7500 (D:\Usuario\Documentos\eclipse-byo-backend\backend\target\classes started by Alexander in D:\Usuario\Documentos\eclipse-byo-backend\backend)
2018-09-07 21:23:56.135  INFO 7500 --- [main] ar.com.tandilweb.byo.backend.App         : No active profile set, falling back to default profiles: default
2018-09-07 21:23:56.178  INFO 7500 --- [main] ConfigServletWebServerApplicationContext : Refreshing org.springframework.boot.web.servlet.context.AnnotationConfigServletWebServerApplicationContext@1df82230: startup date [Fri Sep 07 21:23:56 ART 2018]; root of context hierarchy
2018-09-07 21:23:57.309  INFO 7500 --- [main] o.s.b.w.embedded.tomcat.TomcatWebServer  : Tomcat initialized with port(s): 38674 (http)
2018-09-07 21:23:57.338  INFO 7500 --- [main] o.apache.catalina.core.StandardService   : Starting service [Tomcat]
2018-09-07 21:23:57.339  INFO 7500 --- [main] org.apache.catalina.core.StandardEngine  : Starting Servlet Engine: Apache Tomcat/8.5.31
2018-09-07 21:23:57.374  INFO 7500 --- [localhost-startStop-1] o.a.catalina.core.AprLifecycleListener   : The APR based Apache Tomcat Native library which allows optimal performance in production environments was not found on the java.library.path: [C:\Program Files\Java\jre1.8.0_181\bin;C:\Windows\Sun\Java\bin;C:\Windows\system32;C:\Windows;C:/Program Files/Java/jre1.8.0_181/bin/server;C:/Program Files/Java/jre1.8.0_181/bin;C:/Program Files/Java/jre1.8.0_181/lib/amd64;C:\Program Files (x86)\Common Files\Oracle\Java\javapath;C:\Windows\system32;C:\Windows;C:\Windows\System32\Wbem;C:\Windows\System32\WindowsPowerShell\v1.0\;C:\Windows\System32\OpenSSH\;C:\Program Files (x86)\NVIDIA Corporation\PhysX\Common;D:\Programas\nodeJS\;C:\Program Files\MySQL\MySQL Utilities 1.6\;D:\Programas\Microsoft VS Code\bin;C:\ProgramData\chocolatey\bin;C:\Program Files\Java\jdk1.8.0_181\bin;C:\Android\android-sdk\tools;C:\Android\android-sdk\platform-tools;C:\Android\android-sdk\tools\bin;C:\Program Files\PuTTY\;C:\PostgreSQL\pg10\bin;C:\Users\alexa\AppData\Local\Microsoft\WindowsApps;C:\Users\alexa\AppData\Roaming\npm;D:\Programas\java\jdk1.8.0_171\bin;D:\Programas\Microsoft VS Code\bin;D:\Android\Sdk\tools;D:\Android\Sdk\platform-tools;;C:\Windows\system32;;.]
2018-09-07 21:23:57.510  INFO 7500 --- [localhost-startStop-1] o.a.c.c.C.[Tomcat].[localhost].[/]       : Initializing Spring embedded WebApplicationContext
2018-09-07 21:23:57.511  INFO 7500 --- [localhost-startStop-1] o.s.web.context.ContextLoader            : Root WebApplicationContext: initialization completed in 1333 ms
2018-09-07 21:23:58.126  INFO 7500 --- [localhost-startStop-1] o.s.b.w.servlet.FilterRegistrationBean   : Mapping filter: 'characterEncodingFilter' to: [/*]
2018-09-07 21:23:58.126  INFO 7500 --- [localhost-startStop-1] o.s.b.w.servlet.FilterRegistrationBean   : Mapping filter: 'hiddenHttpMethodFilter' to: [/*]
2018-09-07 21:23:58.126  INFO 7500 --- [localhost-startStop-1] o.s.b.w.servlet.FilterRegistrationBean   : Mapping filter: 'httpPutFormContentFilter' to: [/*]
2018-09-07 21:23:58.128  INFO 7500 --- [localhost-startStop-1] o.s.b.w.servlet.FilterRegistrationBean   : Mapping filter: 'requestContextFilter' to: [/*]
2018-09-07 21:23:58.130  INFO 7500 --- [localhost-startStop-1] o.s.b.w.servlet.FilterRegistrationBean   : Mapping filter: 'corsFilter' to urls: [/*]
2018-09-07 21:23:58.130  INFO 7500 --- [localhost-startStop-1] o.s.b.w.servlet.FilterRegistrationBean   : Mapping filter: 'httpTraceFilter' to: [/*]
2018-09-07 21:23:58.130  INFO 7500 --- [localhost-startStop-1] o.s.b.w.servlet.FilterRegistrationBean   : Mapping filter: 'webMvcMetricsFilter' to: [/*]
2018-09-07 21:23:58.130  INFO 7500 --- [localhost-startStop-1] o.s.b.w.servlet.ServletRegistrationBean  : Servlet dispatcherServlet mapped to [/]
2018-09-07 21:23:58.215  INFO 7500 --- [main] o.s.w.s.handler.SimpleUrlHandlerMapping  : Mapped URL path [/**/favicon.ico] onto handler of type [class org.springframework.web.servlet.resource.ResourceHttpRequestHandler]
2018-09-07 21:23:58.422  INFO 7500 --- [main] s.w.s.m.m.a.RequestMappingHandlerAdapter : Looking for @ControllerAdvice: org.springframework.boot.web.servlet.context.AnnotationConfigServletWebServerApplicationContext@1df82230: startup date [Fri Sep 07 21:23:56 ART 2018]; root of context hierarchy
2018-09-07 21:23:58.480  INFO 7500 --- [main] s.w.s.m.m.a.RequestMappingHandlerMapping : Mapped "{[/error]}" onto public org.springframework.http.ResponseEntity<java.util.Map<java.lang.String, java.lang.Object>> org.springframework.boot.autoconfigure.web.servlet.error.BasicErrorController.error(javax.servlet.http.HttpServletRequest)
2018-09-07 21:23:58.482  INFO 7500 --- [main] s.w.s.m.m.a.RequestMappingHandlerMapping : Mapped "{[/error],produces=[text/html]}" onto public org.springframework.web.servlet.ModelAndView org.springframework.boot.autoconfigure.web.servlet.error.BasicErrorController.errorHtml(javax.servlet.http.HttpServletRequest,javax.servlet.http.HttpServletResponse)
2018-09-07 21:23:58.492  INFO 7500 --- [main] s.w.s.m.m.a.RequestMappingHandlerMapping : Mapped "{[/graphql],methods=[POST],consumes=[application/graphql;charset=UTF-8 || application/graphql],produces=[application/json;charset=UTF-8]}" onto public java.util.Map<java.lang.String, java.lang.Object> io.leangen.graphql.spqr.spring.web.DefaultGraphQLController.executeGraphQLPost(java.lang.String,io.leangen.graphql.spqr.spring.web.dto.GraphQLRequest,javax.servlet.http.HttpServletRequest)
2018-09-07 21:23:58.493  INFO 7500 --- [main] s.w.s.m.m.a.RequestMappingHandlerMapping : Mapped "{[/graphql],methods=[POST],consumes=[application/x-www-form-urlencoded;charset=UTF-8 || application/x-www-form-urlencoded],produces=[application/json;charset=UTF-8]}" onto public java.util.Map<java.lang.String, java.lang.Object> io.leangen.graphql.spqr.spring.web.DefaultGraphQLController.executeFormPost(java.util.Map<java.lang.String, java.lang.String>,io.leangen.graphql.spqr.spring.web.dto.GraphQLRequest,javax.servlet.http.HttpServletRequest)
2018-09-07 21:23:58.495  INFO 7500 --- [main] s.w.s.m.m.a.RequestMappingHandlerMapping : Mapped "{[/graphql],methods=[GET],produces=[application/json;charset=UTF-8]}" onto public java.util.Map<java.lang.String, java.lang.Object> io.leangen.graphql.spqr.spring.web.DefaultGraphQLController.executeGet(io.leangen.graphql.spqr.spring.web.dto.GraphQLRequest,javax.servlet.http.HttpServletRequest)
2018-09-07 21:23:58.496  INFO 7500 --- [main] s.w.s.m.m.a.RequestMappingHandlerMapping : Mapped "{[/graphql],methods=[POST],consumes=[application/json;charset=UTF-8 || application/json],produces=[application/json;charset=UTF-8]}" onto public java.util.Map<java.lang.String, java.lang.Object> io.leangen.graphql.spqr.spring.web.DefaultGraphQLController.executeJsonPost(io.leangen.graphql.spqr.spring.web.dto.GraphQLRequest,io.leangen.graphql.spqr.spring.web.dto.GraphQLRequest,javax.servlet.http.HttpServletRequest)
2018-09-07 21:23:58.515  INFO 7500 --- [main] o.s.w.s.handler.SimpleUrlHandlerMapping  : Mapped URL path [/webjars/**] onto handler of type [class org.springframework.web.servlet.resource.ResourceHttpRequestHandler]
2018-09-07 21:23:58.515  INFO 7500 --- [main] o.s.w.s.handler.SimpleUrlHandlerMapping  : Mapped URL path [/**] onto handler of type [class org.springframework.web.servlet.resource.ResourceHttpRequestHandler]
2018-09-07 21:23:58.771  INFO 7500 --- [main] o.s.w.s.s.s.WebSocketHandlerMapping      : Mapped URL path [/graphql/**] onto handler of type [class org.springframework.web.socket.sockjs.support.SockJsHttpRequestHandler]
2018-09-07 21:23:58.777  INFO 7500 --- [main] o.s.s.c.ThreadPoolTaskScheduler          : Initializing ExecutorService  'defaultSockJsTaskScheduler'
2018-09-07 21:23:58.928  INFO 7500 --- [main] o.s.b.a.e.web.EndpointLinksResolver      : Exposing 2 endpoint(s) beneath base path '/actuator'
2018-09-07 21:23:58.938  INFO 7500 --- [main] s.b.a.e.w.s.WebMvcEndpointHandlerMapping : Mapped "{[/actuator/health],methods=[GET],produces=[application/vnd.spring-boot.actuator.v2+json || application/json]}" onto public java.lang.Object org.springframework.boot.actuate.endpoint.web.servlet.AbstractWebMvcEndpointHandlerMapping$OperationHandler.handle(javax.servlet.http.HttpServletRequest,java.util.Map<java.lang.String, java.lang.String>)
2018-09-07 21:23:58.942  INFO 7500 --- [main] s.b.a.e.w.s.WebMvcEndpointHandlerMapping : Mapped "{[/actuator/info],methods=[GET],produces=[application/vnd.spring-boot.actuator.v2+json || application/json]}" onto public java.lang.Object org.springframework.boot.actuate.endpoint.web.servlet.AbstractWebMvcEndpointHandlerMapping$OperationHandler.handle(javax.servlet.http.HttpServletRequest,java.util.Map<java.lang.String, java.lang.String>)
2018-09-07 21:23:58.943  INFO 7500 --- [main] s.b.a.e.w.s.WebMvcEndpointHandlerMapping : Mapped "{[/actuator],methods=[GET],produces=[application/vnd.spring-boot.actuator.v2+json || application/json]}" onto protected java.util.Map<java.lang.String, java.util.Map<java.lang.String, org.springframework.boot.actuate.endpoint.web.Link>> org.springframework.boot.actuate.endpoint.web.servlet.WebMvcEndpointHandlerMapping.links(javax.servlet.http.HttpServletRequest,javax.servlet.http.HttpServletResponse)
2018-09-07 21:23:58.985  INFO 7500 --- [main] o.s.j.e.a.AnnotationMBeanExporter        : Registering beans for JMX exposure on startup
2018-09-07 21:23:58.992  INFO 7500 --- [main] o.s.c.support.DefaultLifecycleProcessor  : Starting beans in phase 2147483647
2018-09-07 21:23:59.020  INFO 7500 --- [main] o.s.b.w.embedded.tomcat.TomcatWebServer  : Tomcat started on port(s): 38674 (http) with context path ''
2018-09-07 21:23:59.023  INFO 7500 --- [main] ar.com.tandilweb.byo.backend.App         : Started App in 3.181 seconds (JVM running for 3.532)
2018-09-07 21:24:03.951  INFO 8080 --- [main] ar.com.tandilweb.byo.backend.App         : Starting App on DESKTOP-LJ9DFVO with PID 8080 (D:\Usuario\Documentos\eclipse-byo-backend\backend\target\classes started by Alexander in D:\Usuario\Documentos\eclipse-byo-backend\backend)
2018-09-07 21:24:03.954  INFO 8080 --- [main] ar.com.tandilweb.byo.backend.App         : No active profile set, falling back to default profiles: default
2018-09-07 21:24:04.003  INFO 8080 --- [main] ConfigServletWebServerApplicationContext : Refreshing org.springframework.boot.web.servlet.context.AnnotationConfigServletWebServerApplicationContext@1d082e88: startup date [Fri Sep 07 21:24:04 ART 2018]; root of context hierarchy
2018-09-07 21:24:05.246  INFO 8080 --- [main] o.s.b.w.embedded.tomcat.TomcatWebServer  : Tomcat initialized with port(s): 38674 (http)
2018-09-07 21:24:05.267  INFO 8080 --- [main] o.apache.catalina.core.StandardService   : Starting service [Tomcat]
2018-09-07 21:24:05.268  INFO 8080 --- [main] org.apache.catalina.core.StandardEngine  : Starting Servlet Engine: Apache Tomcat/8.5.31
2018-09-07 21:24:05.276  INFO 8080 --- [localhost-startStop-1] o.a.catalina.core.AprLifecycleListener   : The APR based Apache Tomcat Native library which allows optimal performance in production environments was not found on the java.library.path: [C:\Program Files\Java\jre1.8.0_181\bin;C:\Windows\Sun\Java\bin;C:\Windows\system32;C:\Windows;C:/Program Files/Java/jre1.8.0_181/bin/server;C:/Program Files/Java/jre1.8.0_181/bin;C:/Program Files/Java/jre1.8.0_181/lib/amd64;C:\Program Files (x86)\Common Files\Oracle\Java\javapath;C:\Windows\system32;C:\Windows;C:\Windows\System32\Wbem;C:\Windows\System32\WindowsPowerShell\v1.0\;C:\Windows\System32\OpenSSH\;C:\Program Files (x86)\NVIDIA Corporation\PhysX\Common;D:\Programas\nodeJS\;C:\Program Files\MySQL\MySQL Utilities 1.6\;D:\Programas\Microsoft VS Code\bin;C:\ProgramData\chocolatey\bin;C:\Program Files\Java\jdk1.8.0_181\bin;C:\Android\android-sdk\tools;C:\Android\android-sdk\platform-tools;C:\Android\android-sdk\tools\bin;C:\Program Files\PuTTY\;C:\PostgreSQL\pg10\bin;C:\Users\alexa\AppData\Local\Microsoft\WindowsApps;C:\Users\alexa\AppData\Roaming\npm;D:\Programas\java\jdk1.8.0_171\bin;D:\Programas\Microsoft VS Code\bin;D:\Android\Sdk\tools;D:\Android\Sdk\platform-tools;;C:\Windows\system32;;.]
2018-09-07 21:31:39.343  INFO 3888 --- [main] ar.com.tandilweb.byo.backend.App         : Starting App on DESKTOP-LJ9DFVO with PID 3888 (D:\Usuario\Documentos\eclipse-byo-backend\backend\target\classes started by Alexander in D:\Usuario\Documentos\eclipse-byo-backend\backend)
2018-09-07 21:31:39.345  INFO 3888 --- [main] ar.com.tandilweb.byo.backend.App         : No active profile set, falling back to default profiles: default
2018-09-07 21:31:39.389  INFO 3888 --- [main] ConfigServletWebServerApplicationContext : Refreshing org.springframework.boot.web.servlet.context.AnnotationConfigServletWebServerApplicationContext@27ae2fd0: startup date [Fri Sep 07 21:31:39 ART 2018]; root of context hierarchy
2018-09-07 21:31:40.613  INFO 3888 --- [main] o.s.b.w.embedded.tomcat.TomcatWebServer  : Tomcat initialized with port(s): 38674 (http)
2018-09-07 21:31:40.633  INFO 3888 --- [main] o.apache.catalina.core.StandardService   : Starting service [Tomcat]
2018-09-07 21:31:40.634  INFO 3888 --- [main] org.apache.catalina.core.StandardEngine  : Starting Servlet Engine: Apache Tomcat/8.5.31
2018-09-07 21:31:40.641  INFO 3888 --- [localhost-startStop-1] o.a.catalina.core.AprLifecycleListener   : The APR based Apache Tomcat Native library which allows optimal performance in production environments was not found on the java.library.path: [C:\Program Files\Java\jre1.8.0_181\bin;C:\Windows\Sun\Java\bin;C:\Windows\system32;C:\Windows;C:/Program Files/Java/jre1.8.0_181/bin/server;C:/Program Files/Java/jre1.8.0_181/bin;C:/Program Files/Java/jre1.8.0_181/lib/amd64;C:\Program Files (x86)\Common Files\Oracle\Java\javapath;C:\Windows\system32;C:\Windows;C:\Windows\System32\Wbem;C:\Windows\System32\WindowsPowerShell\v1.0\;C:\Windows\System32\OpenSSH\;C:\Program Files (x86)\NVIDIA Corporation\PhysX\Common;D:\Programas\nodeJS\;C:\Program Files\MySQL\MySQL Utilities 1.6\;D:\Programas\Microsoft VS Code\bin;C:\ProgramData\chocolatey\bin;C:\Program Files\Java\jdk1.8.0_181\bin;C:\Android\android-sdk\tools;C:\Android\android-sdk\platform-tools;C:\Android\android-sdk\tools\bin;C:\Program Files\PuTTY\;C:\PostgreSQL\pg10\bin;C:\Users\alexa\AppData\Local\Microsoft\WindowsApps;C:\Users\alexa\AppData\Roaming\npm;D:\Programas\java\jdk1.8.0_171\bin;D:\Programas\Microsoft VS Code\bin;D:\Android\Sdk\tools;D:\Android\Sdk\platform-tools;;C:\Windows\system32;;.]
2018-09-07 21:31:40.736  INFO 3888 --- [localhost-startStop-1] o.a.c.c.C.[Tomcat].[localhost].[/]       : Initializing Spring embedded WebApplicationContext
2018-09-07 21:31:40.737  INFO 3888 --- [localhost-startStop-1] o.s.web.context.ContextLoader            : Root WebApplicationContext: initialization completed in 1348 ms
2018-09-07 21:31:41.213  INFO 3888 --- [localhost-startStop-1] o.s.b.w.servlet.FilterRegistrationBean   : Mapping filter: 'characterEncodingFilter' to: [/*]
2018-09-07 21:31:41.213  INFO 3888 --- [localhost-startStop-1] o.s.b.w.servlet.FilterRegistrationBean   : Mapping filter: 'hiddenHttpMethodFilter' to: [/*]
2018-09-07 21:31:41.214  INFO 3888 --- [localhost-startStop-1] o.s.b.w.servlet.FilterRegistrationBean   : Mapping filter: 'httpPutFormContentFilter' to: [/*]
2018-09-07 21:31:41.214  INFO 3888 --- [localhost-startStop-1] o.s.b.w.servlet.FilterRegistrationBean   : Mapping filter: 'requestContextFilter' to: [/*]
2018-09-07 21:31:41.214  INFO 3888 --- [localhost-startStop-1] o.s.b.w.servlet.FilterRegistrationBean   : Mapping filter: 'corsFilter' to urls: [/*]
2018-09-07 21:31:41.214  INFO 3888 --- [localhost-startStop-1] o.s.b.w.servlet.FilterRegistrationBean   : Mapping filter: 'httpTraceFilter' to: [/*]
2018-09-07 21:31:41.214  INFO 3888 --- [localhost-startStop-1] o.s.b.w.servlet.FilterRegistrationBean   : Mapping filter: 'webMvcMetricsFilter' to: [/*]
2018-09-07 21:31:41.214  INFO 3888 --- [localhost-startStop-1] o.s.b.w.servlet.ServletRegistrationBean  : Servlet dispatcherServlet mapped to [/]
2018-09-07 21:31:41.291  INFO 3888 --- [main] o.s.w.s.handler.SimpleUrlHandlerMapping  : Mapped URL path [/**/favicon.ico] onto handler of type [class org.springframework.web.servlet.resource.ResourceHttpRequestHandler]
2018-09-07 21:31:41.523  INFO 3888 --- [main] s.w.s.m.m.a.RequestMappingHandlerAdapter : Looking for @ControllerAdvice: org.springframework.boot.web.servlet.context.AnnotationConfigServletWebServerApplicationContext@27ae2fd0: startup date [Fri Sep 07 21:31:39 ART 2018]; root of context hierarchy
2018-09-07 21:31:41.574  INFO 3888 --- [main] s.w.s.m.m.a.RequestMappingHandlerMapping : Mapped "{[/error]}" onto public org.springframework.http.ResponseEntity<java.util.Map<java.lang.String, java.lang.Object>> org.springframework.boot.autoconfigure.web.servlet.error.BasicErrorController.error(javax.servlet.http.HttpServletRequest)
2018-09-07 21:31:41.577  INFO 3888 --- [main] s.w.s.m.m.a.RequestMappingHandlerMapping : Mapped "{[/error],produces=[text/html]}" onto public org.springframework.web.servlet.ModelAndView org.springframework.boot.autoconfigure.web.servlet.error.BasicErrorController.errorHtml(javax.servlet.http.HttpServletRequest,javax.servlet.http.HttpServletResponse)
2018-09-07 21:31:41.586  INFO 3888 --- [main] s.w.s.m.m.a.RequestMappingHandlerMapping : Mapped "{[/graphql],methods=[POST],consumes=[application/graphql;charset=UTF-8 || application/graphql],produces=[application/json;charset=UTF-8]}" onto public java.util.Map<java.lang.String, java.lang.Object> io.leangen.graphql.spqr.spring.web.DefaultGraphQLController.executeGraphQLPost(java.lang.String,io.leangen.graphql.spqr.spring.web.dto.GraphQLRequest,javax.servlet.http.HttpServletRequest)
2018-09-07 21:31:41.587  INFO 3888 --- [main] s.w.s.m.m.a.RequestMappingHandlerMapping : Mapped "{[/graphql],methods=[POST],consumes=[application/json;charset=UTF-8 || application/json],produces=[application/json;charset=UTF-8]}" onto public java.util.Map<java.lang.String, java.lang.Object> io.leangen.graphql.spqr.spring.web.DefaultGraphQLController.executeJsonPost(io.leangen.graphql.spqr.spring.web.dto.GraphQLRequest,io.leangen.graphql.spqr.spring.web.dto.GraphQLRequest,javax.servlet.http.HttpServletRequest)
2018-09-07 21:31:41.587  INFO 3888 --- [main] s.w.s.m.m.a.RequestMappingHandlerMapping : Mapped "{[/graphql],methods=[GET],produces=[application/json;charset=UTF-8]}" onto public java.util.Map<java.lang.String, java.lang.Object> io.leangen.graphql.spqr.spring.web.DefaultGraphQLController.executeGet(io.leangen.graphql.spqr.spring.web.dto.GraphQLRequest,javax.servlet.http.HttpServletRequest)
2018-09-07 21:31:41.588  INFO 3888 --- [main] s.w.s.m.m.a.RequestMappingHandlerMapping : Mapped "{[/graphql],methods=[POST],consumes=[application/x-www-form-urlencoded;charset=UTF-8 || application/x-www-form-urlencoded],produces=[application/json;charset=UTF-8]}" onto public java.util.Map<java.lang.String, java.lang.Object> io.leangen.graphql.spqr.spring.web.DefaultGraphQLController.executeFormPost(java.util.Map<java.lang.String, java.lang.String>,io.leangen.graphql.spqr.spring.web.dto.GraphQLRequest,javax.servlet.http.HttpServletRequest)
2018-09-07 21:31:41.606  INFO 3888 --- [main] o.s.w.s.handler.SimpleUrlHandlerMapping  : Mapped URL path [/webjars/**] onto handler of type [class org.springframework.web.servlet.resource.ResourceHttpRequestHandler]
2018-09-07 21:31:41.607  INFO 3888 --- [main] o.s.w.s.handler.SimpleUrlHandlerMapping  : Mapped URL path [/**] onto handler of type [class org.springframework.web.servlet.resource.ResourceHttpRequestHandler]
2018-09-07 21:31:41.690  WARN 3888 --- [main] ConfigServletWebServerApplicationContext : Exception encountered during context initialization - cancelling refresh attempt: org.springframework.beans.factory.BeanCreationException: Error creating bean with name 'graphQLSchema' defined in class path resource [io/leangen/graphql/spqr/spring/autoconfigure/SpqrAutoConfiguration.class]: Bean instantiation via factory method failed; nested exception is org.springframework.beans.BeanInstantiationException: Failed to instantiate [graphql.schema.GraphQLSchema]: Factory method 'graphQLSchema' threw exception; nested exception is java.lang.IllegalStateException: At least one top-level operation source must be registered
2018-09-07 21:31:41.693  INFO 3888 --- [main] o.apache.catalina.core.StandardService   : Stopping service [Tomcat]
2018-09-07 21:31:41.705  INFO 3888 --- [main] ConditionEvaluationReportLoggingListener : 

Error starting ApplicationContext. To display the conditions report re-run your application with 'debug' enabled.
2018-09-07 21:31:41.709 ERROR 3888 --- [main] o.s.boot.SpringApplication               : Application run failed

org.springframework.beans.factory.BeanCreationException: Error creating bean with name 'graphQLSchema' defined in class path resource [io/leangen/graphql/spqr/spring/autoconfigure/SpqrAutoConfiguration.class]: Bean instantiation via factory method failed; nested exception is org.springframework.beans.BeanInstantiationException: Failed to instantiate [graphql.schema.GraphQLSchema]: Factory method 'graphQLSchema' threw exception; nested exception is java.lang.IllegalStateException: At least one top-level operation source must be registered
	at org.springframework.beans.factory.support.ConstructorResolver.instantiateUsingFactoryMethod(ConstructorResolver.java:587) ~[spring-beans-5.0.6.RELEASE.jar:5.0.6.RELEASE]
	at org.springframework.beans.factory.support.AbstractAutowireCapableBeanFactory.instantiateUsingFactoryMethod(AbstractAutowireCapableBeanFactory.java:1254) ~[spring-beans-5.0.6.RELEASE.jar:5.0.6.RELEASE]
	at org.springframework.beans.factory.support.AbstractAutowireCapableBeanFactory.createBeanInstance(AbstractAutowireCapableBeanFactory.java:1103) ~[spring-beans-5.0.6.RELEASE.jar:5.0.6.RELEASE]
	at org.springframework.beans.factory.support.AbstractAutowireCapableBeanFactory.doCreateBean(AbstractAutowireCapableBeanFactory.java:541) ~[spring-beans-5.0.6.RELEASE.jar:5.0.6.RELEASE]
	at org.springframework.beans.factory.support.AbstractAutowireCapableBeanFactory.createBean(AbstractAutowireCapableBeanFactory.java:501) ~[spring-beans-5.0.6.RELEASE.jar:5.0.6.RELEASE]
	at org.springframework.beans.factory.support.AbstractBeanFactory.lambda$doGetBean$0(AbstractBeanFactory.java:317) ~[spring-beans-5.0.6.RELEASE.jar:5.0.6.RELEASE]
	at org.springframework.beans.factory.support.DefaultSingletonBeanRegistry.getSingleton(DefaultSingletonBeanRegistry.java:228) ~[spring-beans-5.0.6.RELEASE.jar:5.0.6.RELEASE]
	at org.springframework.beans.factory.support.AbstractBeanFactory.doGetBean(AbstractBeanFactory.java:315) ~[spring-beans-5.0.6.RELEASE.jar:5.0.6.RELEASE]
	at org.springframework.beans.factory.support.AbstractBeanFactory.getBean(AbstractBeanFactory.java:199) ~[spring-beans-5.0.6.RELEASE.jar:5.0.6.RELEASE]
	at org.springframework.beans.factory.support.DefaultListableBeanFactory.preInstantiateSingletons(DefaultListableBeanFactory.java:760) ~[spring-beans-5.0.6.RELEASE.jar:5.0.6.RELEASE]
	at org.springframework.context.support.AbstractApplicationContext.finishBeanFactoryInitialization(AbstractApplicationContext.java:869) ~[spring-context-5.0.6.RELEASE.jar:5.0.6.RELEASE]
	at org.springframework.context.support.AbstractApplicationContext.refresh(AbstractApplicationContext.java:550) ~[spring-context-5.0.6.RELEASE.jar:5.0.6.RELEASE]
	at org.springframework.boot.web.servlet.context.ServletWebServerApplicationContext.refresh(ServletWebServerApplicationContext.java:140) ~[spring-boot-2.0.2.RELEASE.jar:2.0.2.RELEASE]
	at org.springframework.boot.SpringApplication.refresh(SpringApplication.java:759) [spring-boot-2.0.2.RELEASE.jar:2.0.2.RELEASE]
	at org.springframework.boot.SpringApplication.refreshContext(SpringApplication.java:395) [spring-boot-2.0.2.RELEASE.jar:2.0.2.RELEASE]
	at org.springframework.boot.SpringApplication.run(SpringApplication.java:327) [spring-boot-2.0.2.RELEASE.jar:2.0.2.RELEASE]
	at org.springframework.boot.SpringApplication.run(SpringApplication.java:1255) [spring-boot-2.0.2.RELEASE.jar:2.0.2.RELEASE]
	at org.springframework.boot.SpringApplication.run(SpringApplication.java:1243) [spring-boot-2.0.2.RELEASE.jar:2.0.2.RELEASE]
	at ar.com.tandilweb.byo.backend.App.main(App.java:18) [classes/:na]
Caused by: org.springframework.beans.BeanInstantiationException: Failed to instantiate [graphql.schema.GraphQLSchema]: Factory method 'graphQLSchema' threw exception; nested exception is java.lang.IllegalStateException: At least one top-level operation source must be registered
	at org.springframework.beans.factory.support.SimpleInstantiationStrategy.instantiate(SimpleInstantiationStrategy.java:185) ~[spring-beans-5.0.6.RELEASE.jar:5.0.6.RELEASE]
	at org.springframework.beans.factory.support.ConstructorResolver.instantiateUsingFactoryMethod(ConstructorResolver.java:579) ~[spring-beans-5.0.6.RELEASE.jar:5.0.6.RELEASE]
	... 18 common frames omitted
Caused by: java.lang.IllegalStateException: At least one top-level operation source must be registered
	at io.leangen.graphql.GraphQLSchemaGenerator.init(GraphQLSchemaGenerator.java:767) ~[spqr-0.9.7.jar:na]
	at io.leangen.graphql.GraphQLSchemaGenerator.generate(GraphQLSchemaGenerator.java:886) ~[spqr-0.9.7.jar:na]
	at io.leangen.graphql.spqr.spring.autoconfigure.SpqrAutoConfiguration.graphQLSchema(SpqrAutoConfiguration.java:178) ~[graphql-spqr-spring-boot-autoconfigure-0.0.1.jar:na]
	at io.leangen.graphql.spqr.spring.autoconfigure.SpqrAutoConfiguration$$EnhancerBySpringCGLIB$$5134021e.CGLIB$graphQLSchema$4(<generated>) ~[graphql-spqr-spring-boot-autoconfigure-0.0.1.jar:na]
	at io.leangen.graphql.spqr.spring.autoconfigure.SpqrAutoConfiguration$$EnhancerBySpringCGLIB$$5134021e$$FastClassBySpringCGLIB$$5ef719c.invoke(<generated>) ~[graphql-spqr-spring-boot-autoconfigure-0.0.1.jar:na]
	at org.springframework.cglib.proxy.MethodProxy.invokeSuper(MethodProxy.java:228) ~[spring-core-5.0.6.RELEASE.jar:5.0.6.RELEASE]
	at org.springframework.context.annotation.ConfigurationClassEnhancer$BeanMethodInterceptor.intercept(ConfigurationClassEnhancer.java:361) ~[spring-context-5.0.6.RELEASE.jar:5.0.6.RELEASE]
	at io.leangen.graphql.spqr.spring.autoconfigure.SpqrAutoConfiguration$$EnhancerBySpringCGLIB$$5134021e.graphQLSchema(<generated>) ~[graphql-spqr-spring-boot-autoconfigure-0.0.1.jar:na]
	at sun.reflect.NativeMethodAccessorImpl.invoke0(Native Method) ~[na:1.8.0_181]
	at sun.reflect.NativeMethodAccessorImpl.invoke(Unknown Source) ~[na:1.8.0_181]
	at sun.reflect.DelegatingMethodAccessorImpl.invoke(Unknown Source) ~[na:1.8.0_181]
	at java.lang.reflect.Method.invoke(Unknown Source) ~[na:1.8.0_181]
	at org.springframework.beans.factory.support.SimpleInstantiationStrategy.instantiate(SimpleInstantiationStrategy.java:154) ~[spring-beans-5.0.6.RELEASE.jar:5.0.6.RELEASE]
	... 19 common frames omitted

2018-09-07 21:33:34.424  INFO 5580 --- [main] ar.com.tandilweb.byo.backend.App         : Starting App on DESKTOP-LJ9DFVO with PID 5580 (D:\Usuario\Documentos\eclipse-byo-backend\backend\target\classes started by Alexander in D:\Usuario\Documentos\eclipse-byo-backend\backend)
2018-09-07 21:33:34.427  INFO 5580 --- [main] ar.com.tandilweb.byo.backend.App         : No active profile set, falling back to default profiles: default
2018-09-07 21:33:34.468  INFO 5580 --- [main] ConfigServletWebServerApplicationContext : Refreshing org.springframework.boot.web.servlet.context.AnnotationConfigServletWebServerApplicationContext@1d082e88: startup date [Fri Sep 07 21:33:34 ART 2018]; root of context hierarchy
2018-09-07 21:33:35.581  INFO 5580 --- [main] o.s.b.w.embedded.tomcat.TomcatWebServer  : Tomcat initialized with port(s): 38674 (http)
2018-09-07 21:33:35.601  INFO 5580 --- [main] o.apache.catalina.core.StandardService   : Starting service [Tomcat]
2018-09-07 21:33:35.602  INFO 5580 --- [main] org.apache.catalina.core.StandardEngine  : Starting Servlet Engine: Apache Tomcat/8.5.31
2018-09-07 21:33:35.609  INFO 5580 --- [localhost-startStop-1] o.a.catalina.core.AprLifecycleListener   : The APR based Apache Tomcat Native library which allows optimal performance in production environments was not found on the java.library.path: [C:\Program Files\Java\jre1.8.0_181\bin;C:\Windows\Sun\Java\bin;C:\Windows\system32;C:\Windows;C:/Program Files/Java/jre1.8.0_181/bin/server;C:/Program Files/Java/jre1.8.0_181/bin;C:/Program Files/Java/jre1.8.0_181/lib/amd64;C:\Program Files (x86)\Common Files\Oracle\Java\javapath;C:\Windows\system32;C:\Windows;C:\Windows\System32\Wbem;C:\Windows\System32\WindowsPowerShell\v1.0\;C:\Windows\System32\OpenSSH\;C:\Program Files (x86)\NVIDIA Corporation\PhysX\Common;D:\Programas\nodeJS\;C:\Program Files\MySQL\MySQL Utilities 1.6\;D:\Programas\Microsoft VS Code\bin;C:\ProgramData\chocolatey\bin;C:\Program Files\Java\jdk1.8.0_181\bin;C:\Android\android-sdk\tools;C:\Android\android-sdk\platform-tools;C:\Android\android-sdk\tools\bin;C:\Program Files\PuTTY\;C:\PostgreSQL\pg10\bin;C:\Users\alexa\AppData\Local\Microsoft\WindowsApps;C:\Users\alexa\AppData\Roaming\npm;D:\Programas\java\jdk1.8.0_171\bin;D:\Programas\Microsoft VS Code\bin;D:\Android\Sdk\tools;D:\Android\Sdk\platform-tools;;C:\Windows\system32;;.]
2018-09-07 21:33:35.694  INFO 5580 --- [localhost-startStop-1] o.a.c.c.C.[Tomcat].[localhost].[/]       : Initializing Spring embedded WebApplicationContext
2018-09-07 21:33:35.695  INFO 5580 --- [localhost-startStop-1] o.s.web.context.ContextLoader            : Root WebApplicationContext: initialization completed in 1227 ms
2018-09-07 21:33:36.182  INFO 5580 --- [localhost-startStop-1] o.s.b.w.servlet.FilterRegistrationBean   : Mapping filter: 'characterEncodingFilter' to: [/*]
2018-09-07 21:33:36.182  INFO 5580 --- [localhost-startStop-1] o.s.b.w.servlet.FilterRegistrationBean   : Mapping filter: 'hiddenHttpMethodFilter' to: [/*]
2018-09-07 21:33:36.183  INFO 5580 --- [localhost-startStop-1] o.s.b.w.servlet.FilterRegistrationBean   : Mapping filter: 'httpPutFormContentFilter' to: [/*]
2018-09-07 21:33:36.183  INFO 5580 --- [localhost-startStop-1] o.s.b.w.servlet.FilterRegistrationBean   : Mapping filter: 'requestContextFilter' to: [/*]
2018-09-07 21:33:36.183  INFO 5580 --- [localhost-startStop-1] o.s.b.w.servlet.FilterRegistrationBean   : Mapping filter: 'corsFilter' to urls: [/*]
2018-09-07 21:33:36.183  INFO 5580 --- [localhost-startStop-1] o.s.b.w.servlet.FilterRegistrationBean   : Mapping filter: 'httpTraceFilter' to: [/*]
2018-09-07 21:33:36.183  INFO 5580 --- [localhost-startStop-1] o.s.b.w.servlet.FilterRegistrationBean   : Mapping filter: 'webMvcMetricsFilter' to: [/*]
2018-09-07 21:33:36.183  INFO 5580 --- [localhost-startStop-1] o.s.b.w.servlet.ServletRegistrationBean  : Servlet dispatcherServlet mapped to [/]
2018-09-07 21:33:36.263  INFO 5580 --- [main] o.s.w.s.handler.SimpleUrlHandlerMapping  : Mapped URL path [/**/favicon.ico] onto handler of type [class org.springframework.web.servlet.resource.ResourceHttpRequestHandler]
2018-09-07 21:33:36.466  INFO 5580 --- [main] s.w.s.m.m.a.RequestMappingHandlerAdapter : Looking for @ControllerAdvice: org.springframework.boot.web.servlet.context.AnnotationConfigServletWebServerApplicationContext@1d082e88: startup date [Fri Sep 07 21:33:34 ART 2018]; root of context hierarchy
2018-09-07 21:33:36.516  INFO 5580 --- [main] s.w.s.m.m.a.RequestMappingHandlerMapping : Mapped "{[/demoService/helloWorld],methods=[GET]}" onto public ar.com.tandilweb.byo.backend.Presentation.dto.out.Hola ar.com.tandilweb.byo.backend.Presentation.RestServices.DemoService.helloWorld()
2018-09-07 21:33:36.519  INFO 5580 --- [main] s.w.s.m.m.a.RequestMappingHandlerMapping : Mapped "{[/error]}" onto public org.springframework.http.ResponseEntity<java.util.Map<java.lang.String, java.lang.Object>> org.springframework.boot.autoconfigure.web.servlet.error.BasicErrorController.error(javax.servlet.http.HttpServletRequest)
2018-09-07 21:33:36.519  INFO 5580 --- [main] s.w.s.m.m.a.RequestMappingHandlerMapping : Mapped "{[/error],produces=[text/html]}" onto public org.springframework.web.servlet.ModelAndView org.springframework.boot.autoconfigure.web.servlet.error.BasicErrorController.errorHtml(javax.servlet.http.HttpServletRequest,javax.servlet.http.HttpServletResponse)
2018-09-07 21:33:36.531  INFO 5580 --- [main] s.w.s.m.m.a.RequestMappingHandlerMapping : Mapped "{[/graphql],methods=[POST],consumes=[application/json;charset=UTF-8 || application/json],produces=[application/json;charset=UTF-8]}" onto public java.util.Map<java.lang.String, java.lang.Object> io.leangen.graphql.spqr.spring.web.DefaultGraphQLController.executeJsonPost(io.leangen.graphql.spqr.spring.web.dto.GraphQLRequest,io.leangen.graphql.spqr.spring.web.dto.GraphQLRequest,javax.servlet.http.HttpServletRequest)
2018-09-07 21:33:36.532  INFO 5580 --- [main] s.w.s.m.m.a.RequestMappingHandlerMapping : Mapped "{[/graphql],methods=[GET],produces=[application/json;charset=UTF-8]}" onto public java.util.Map<java.lang.String, java.lang.Object> io.leangen.graphql.spqr.spring.web.DefaultGraphQLController.executeGet(io.leangen.graphql.spqr.spring.web.dto.GraphQLRequest,javax.servlet.http.HttpServletRequest)
2018-09-07 21:33:36.532  INFO 5580 --- [main] s.w.s.m.m.a.RequestMappingHandlerMapping : Mapped "{[/graphql],methods=[POST],consumes=[application/x-www-form-urlencoded;charset=UTF-8 || application/x-www-form-urlencoded],produces=[application/json;charset=UTF-8]}" onto public java.util.Map<java.lang.String, java.lang.Object> io.leangen.graphql.spqr.spring.web.DefaultGraphQLController.executeFormPost(java.util.Map<java.lang.String, java.lang.String>,io.leangen.graphql.spqr.spring.web.dto.GraphQLRequest,javax.servlet.http.HttpServletRequest)
2018-09-07 21:33:36.533  INFO 5580 --- [main] s.w.s.m.m.a.RequestMappingHandlerMapping : Mapped "{[/graphql],methods=[POST],consumes=[application/graphql;charset=UTF-8 || application/graphql],produces=[application/json;charset=UTF-8]}" onto public java.util.Map<java.lang.String, java.lang.Object> io.leangen.graphql.spqr.spring.web.DefaultGraphQLController.executeGraphQLPost(java.lang.String,io.leangen.graphql.spqr.spring.web.dto.GraphQLRequest,javax.servlet.http.HttpServletRequest)
2018-09-07 21:33:36.550  INFO 5580 --- [main] o.s.w.s.handler.SimpleUrlHandlerMapping  : Mapped URL path [/webjars/**] onto handler of type [class org.springframework.web.servlet.resource.ResourceHttpRequestHandler]
2018-09-07 21:33:36.551  INFO 5580 --- [main] o.s.w.s.handler.SimpleUrlHandlerMapping  : Mapped URL path [/**] onto handler of type [class org.springframework.web.servlet.resource.ResourceHttpRequestHandler]
2018-09-07 21:33:36.797  INFO 5580 --- [main] o.s.w.s.s.s.WebSocketHandlerMapping      : Mapped URL path [/graphql/**] onto handler of type [class org.springframework.web.socket.sockjs.support.SockJsHttpRequestHandler]
2018-09-07 21:33:36.802  INFO 5580 --- [main] o.s.s.c.ThreadPoolTaskScheduler          : Initializing ExecutorService  'defaultSockJsTaskScheduler'
2018-09-07 21:33:36.946  INFO 5580 --- [main] o.s.b.a.e.web.EndpointLinksResolver      : Exposing 2 endpoint(s) beneath base path '/actuator'
2018-09-07 21:33:36.952  INFO 5580 --- [main] s.b.a.e.w.s.WebMvcEndpointHandlerMapping : Mapped "{[/actuator/health],methods=[GET],produces=[application/vnd.spring-boot.actuator.v2+json || application/json]}" onto public java.lang.Object org.springframework.boot.actuate.endpoint.web.servlet.AbstractWebMvcEndpointHandlerMapping$OperationHandler.handle(javax.servlet.http.HttpServletRequest,java.util.Map<java.lang.String, java.lang.String>)
2018-09-07 21:33:36.953  INFO 5580 --- [main] s.b.a.e.w.s.WebMvcEndpointHandlerMapping : Mapped "{[/actuator/info],methods=[GET],produces=[application/vnd.spring-boot.actuator.v2+json || application/json]}" onto public java.lang.Object org.springframework.boot.actuate.endpoint.web.servlet.AbstractWebMvcEndpointHandlerMapping$OperationHandler.handle(javax.servlet.http.HttpServletRequest,java.util.Map<java.lang.String, java.lang.String>)
2018-09-07 21:33:36.954  INFO 5580 --- [main] s.b.a.e.w.s.WebMvcEndpointHandlerMapping : Mapped "{[/actuator],methods=[GET],produces=[application/vnd.spring-boot.actuator.v2+json || application/json]}" onto protected java.util.Map<java.lang.String, java.util.Map<java.lang.String, org.springframework.boot.actuate.endpoint.web.Link>> org.springframework.boot.actuate.endpoint.web.servlet.WebMvcEndpointHandlerMapping.links(javax.servlet.http.HttpServletRequest,javax.servlet.http.HttpServletResponse)
2018-09-07 21:33:36.986  INFO 5580 --- [main] o.s.j.e.a.AnnotationMBeanExporter        : Registering beans for JMX exposure on startup
2018-09-07 21:33:36.993  INFO 5580 --- [main] o.s.c.support.DefaultLifecycleProcessor  : Starting beans in phase 2147483647
2018-09-07 21:33:37.019  INFO 5580 --- [main] o.s.b.w.embedded.tomcat.TomcatWebServer  : Tomcat started on port(s): 38674 (http) with context path ''
2018-09-07 21:33:37.022  INFO 5580 --- [main] ar.com.tandilweb.byo.backend.App         : Started App in 2.864 seconds (JVM running for 3.205)
2018-09-07 21:33:45.759  INFO 5580 --- [http-nio-38674-exec-1] o.a.c.c.C.[Tomcat].[localhost].[/]       : Initializing Spring FrameworkServlet 'dispatcherServlet'
2018-09-07 21:33:45.759  INFO 5580 --- [http-nio-38674-exec-1] o.s.web.servlet.DispatcherServlet        : FrameworkServlet 'dispatcherServlet': initialization started
2018-09-07 21:33:45.772  INFO 5580 --- [http-nio-38674-exec-1] o.s.web.servlet.DispatcherServlet        : FrameworkServlet 'dispatcherServlet': initialization completed in 12 ms
2018-09-07 21:35:32.488  INFO 6756 --- [main] ar.com.tandilweb.byo.backend.App         : Starting App on DESKTOP-LJ9DFVO with PID 6756 (D:\Usuario\Documentos\git\byo-backend\backend\target\classes started by Alexander in D:\Usuario\Documentos\git\byo-backend\backend)
2018-09-07 21:35:32.491  INFO 6756 --- [main] ar.com.tandilweb.byo.backend.App         : No active profile set, falling back to default profiles: default
2018-09-07 21:35:32.582  INFO 6756 --- [main] ConfigServletWebServerApplicationContext : Refreshing org.springframework.boot.web.servlet.context.AnnotationConfigServletWebServerApplicationContext@23f7d05d: startup date [Fri Sep 07 21:35:32 ART 2018]; root of context hierarchy
2018-09-07 21:35:33.905  INFO 6756 --- [main] o.s.b.w.embedded.tomcat.TomcatWebServer  : Tomcat initialized with port(s): 38674 (http)
2018-09-07 21:35:33.924  INFO 6756 --- [main] o.apache.catalina.core.StandardService   : Starting service [Tomcat]
2018-09-07 21:35:33.924  INFO 6756 --- [main] org.apache.catalina.core.StandardEngine  : Starting Servlet Engine: Apache Tomcat/8.5.31
2018-09-07 21:35:33.932  INFO 6756 --- [localhost-startStop-1] o.a.catalina.core.AprLifecycleListener   : The APR based Apache Tomcat Native library which allows optimal performance in production environments was not found on the java.library.path: [C:\Program Files\Java\jre1.8.0_181\bin;C:\Windows\Sun\Java\bin;C:\Windows\system32;C:\Windows;C:/Program Files/Java/jre1.8.0_181/bin/server;C:/Program Files/Java/jre1.8.0_181/bin;C:/Program Files/Java/jre1.8.0_181/lib/amd64;C:\Program Files (x86)\Common Files\Oracle\Java\javapath;C:\Windows\system32;C:\Windows;C:\Windows\System32\Wbem;C:\Windows\System32\WindowsPowerShell\v1.0\;C:\Windows\System32\OpenSSH\;C:\Program Files (x86)\NVIDIA Corporation\PhysX\Common;D:\Programas\nodeJS\;C:\Program Files\MySQL\MySQL Utilities 1.6\;D:\Programas\Microsoft VS Code\bin;C:\ProgramData\chocolatey\bin;C:\Program Files\Java\jdk1.8.0_181\bin;C:\Android\android-sdk\tools;C:\Android\android-sdk\platform-tools;C:\Android\android-sdk\tools\bin;C:\Program Files\PuTTY\;C:\PostgreSQL\pg10\bin;C:\Users\alexa\AppData\Local\Microsoft\WindowsApps;C:\Users\alexa\AppData\Roaming\npm;D:\Programas\java\jdk1.8.0_171\bin;D:\Programas\Microsoft VS Code\bin;D:\Android\Sdk\tools;D:\Android\Sdk\platform-tools;;C:\Windows\system32;;.]
2018-09-07 21:35:34.044  INFO 6756 --- [localhost-startStop-1] o.a.c.c.C.[Tomcat].[localhost].[/]       : Initializing Spring embedded WebApplicationContext
2018-09-07 21:35:34.045  INFO 6756 --- [localhost-startStop-1] o.s.web.context.ContextLoader            : Root WebApplicationContext: initialization completed in 1463 ms
2018-09-07 21:35:34.555  INFO 6756 --- [localhost-startStop-1] o.s.b.w.servlet.FilterRegistrationBean   : Mapping filter: 'characterEncodingFilter' to: [/*]
2018-09-07 21:35:34.556  INFO 6756 --- [localhost-startStop-1] o.s.b.w.servlet.FilterRegistrationBean   : Mapping filter: 'hiddenHttpMethodFilter' to: [/*]
2018-09-07 21:35:34.556  INFO 6756 --- [localhost-startStop-1] o.s.b.w.servlet.FilterRegistrationBean   : Mapping filter: 'httpPutFormContentFilter' to: [/*]
2018-09-07 21:35:34.556  INFO 6756 --- [localhost-startStop-1] o.s.b.w.servlet.FilterRegistrationBean   : Mapping filter: 'requestContextFilter' to: [/*]
2018-09-07 21:35:34.556  INFO 6756 --- [localhost-startStop-1] o.s.b.w.servlet.FilterRegistrationBean   : Mapping filter: 'corsFilter' to urls: [/*]
2018-09-07 21:35:34.556  INFO 6756 --- [localhost-startStop-1] o.s.b.w.servlet.FilterRegistrationBean   : Mapping filter: 'httpTraceFilter' to: [/*]
2018-09-07 21:35:34.556  INFO 6756 --- [localhost-startStop-1] o.s.b.w.servlet.FilterRegistrationBean   : Mapping filter: 'webMvcMetricsFilter' to: [/*]
2018-09-07 21:35:34.557  INFO 6756 --- [localhost-startStop-1] o.s.b.w.servlet.ServletRegistrationBean  : Servlet dispatcherServlet mapped to [/]
2018-09-07 21:35:34.631  INFO 6756 --- [main] o.s.w.s.handler.SimpleUrlHandlerMapping  : Mapped URL path [/**/favicon.ico] onto handler of type [class org.springframework.web.servlet.resource.ResourceHttpRequestHandler]
2018-09-07 21:35:34.860  INFO 6756 --- [main] s.w.s.m.m.a.RequestMappingHandlerAdapter : Looking for @ControllerAdvice: org.springframework.boot.web.servlet.context.AnnotationConfigServletWebServerApplicationContext@23f7d05d: startup date [Fri Sep 07 21:35:32 ART 2018]; root of context hierarchy
2018-09-07 21:35:34.910  INFO 6756 --- [main] s.w.s.m.m.a.RequestMappingHandlerMapping : Mapped "{[/demoService/helloWorld],methods=[GET]}" onto public ar.com.tandilweb.byo.backend.Presentation.dto.out.Hola ar.com.tandilweb.byo.backend.Presentation.RestServices.DemoService.helloWorld()
2018-09-07 21:35:34.917  INFO 6756 --- [main] s.w.s.m.m.a.RequestMappingHandlerMapping : Mapped "{[/error]}" onto public org.springframework.http.ResponseEntity<java.util.Map<java.lang.String, java.lang.Object>> org.springframework.boot.autoconfigure.web.servlet.error.BasicErrorController.error(javax.servlet.http.HttpServletRequest)
2018-09-07 21:35:34.918  INFO 6756 --- [main] s.w.s.m.m.a.RequestMappingHandlerMapping : Mapped "{[/error],produces=[text/html]}" onto public org.springframework.web.servlet.ModelAndView org.springframework.boot.autoconfigure.web.servlet.error.BasicErrorController.errorHtml(javax.servlet.http.HttpServletRequest,javax.servlet.http.HttpServletResponse)
2018-09-07 21:35:34.927  INFO 6756 --- [main] s.w.s.m.m.a.RequestMappingHandlerMapping : Mapped "{[/graphql],methods=[POST],consumes=[application/x-www-form-urlencoded;charset=UTF-8 || application/x-www-form-urlencoded],produces=[application/json;charset=UTF-8]}" onto public java.util.Map<java.lang.String, java.lang.Object> io.leangen.graphql.spqr.spring.web.DefaultGraphQLController.executeFormPost(java.util.Map<java.lang.String, java.lang.String>,io.leangen.graphql.spqr.spring.web.dto.GraphQLRequest,javax.servlet.http.HttpServletRequest)
2018-09-07 21:35:34.928  INFO 6756 --- [main] s.w.s.m.m.a.RequestMappingHandlerMapping : Mapped "{[/graphql],methods=[GET],produces=[application/json;charset=UTF-8]}" onto public java.util.Map<java.lang.String, java.lang.Object> io.leangen.graphql.spqr.spring.web.DefaultGraphQLController.executeGet(io.leangen.graphql.spqr.spring.web.dto.GraphQLRequest,javax.servlet.http.HttpServletRequest)
2018-09-07 21:35:34.928  INFO 6756 --- [main] s.w.s.m.m.a.RequestMappingHandlerMapping : Mapped "{[/graphql],methods=[POST],consumes=[application/json;charset=UTF-8 || application/json],produces=[application/json;charset=UTF-8]}" onto public java.util.Map<java.lang.String, java.lang.Object> io.leangen.graphql.spqr.spring.web.DefaultGraphQLController.executeJsonPost(io.leangen.graphql.spqr.spring.web.dto.GraphQLRequest,io.leangen.graphql.spqr.spring.web.dto.GraphQLRequest,javax.servlet.http.HttpServletRequest)
2018-09-07 21:35:34.929  INFO 6756 --- [main] s.w.s.m.m.a.RequestMappingHandlerMapping : Mapped "{[/graphql],methods=[POST],consumes=[application/graphql;charset=UTF-8 || application/graphql],produces=[application/json;charset=UTF-8]}" onto public java.util.Map<java.lang.String, java.lang.Object> io.leangen.graphql.spqr.spring.web.DefaultGraphQLController.executeGraphQLPost(java.lang.String,io.leangen.graphql.spqr.spring.web.dto.GraphQLRequest,javax.servlet.http.HttpServletRequest)
2018-09-07 21:35:34.946  INFO 6756 --- [main] o.s.w.s.handler.SimpleUrlHandlerMapping  : Mapped URL path [/webjars/**] onto handler of type [class org.springframework.web.servlet.resource.ResourceHttpRequestHandler]
2018-09-07 21:35:34.947  INFO 6756 --- [main] o.s.w.s.handler.SimpleUrlHandlerMapping  : Mapped URL path [/**] onto handler of type [class org.springframework.web.servlet.resource.ResourceHttpRequestHandler]
2018-09-07 21:35:35.199  INFO 6756 --- [main] o.s.w.s.s.s.WebSocketHandlerMapping      : Mapped URL path [/graphql/**] onto handler of type [class org.springframework.web.socket.sockjs.support.SockJsHttpRequestHandler]
2018-09-07 21:35:35.205  INFO 6756 --- [main] o.s.s.c.ThreadPoolTaskScheduler          : Initializing ExecutorService  'defaultSockJsTaskScheduler'
2018-09-07 21:35:35.349  INFO 6756 --- [main] o.s.b.a.e.web.EndpointLinksResolver      : Exposing 2 endpoint(s) beneath base path '/actuator'
2018-09-07 21:35:35.370  INFO 6756 --- [main] s.b.a.e.w.s.WebMvcEndpointHandlerMapping : Mapped "{[/actuator/health],methods=[GET],produces=[application/vnd.spring-boot.actuator.v2+json || application/json]}" onto public java.lang.Object org.springframework.boot.actuate.endpoint.web.servlet.AbstractWebMvcEndpointHandlerMapping$OperationHandler.handle(javax.servlet.http.HttpServletRequest,java.util.Map<java.lang.String, java.lang.String>)
2018-09-07 21:35:35.371  INFO 6756 --- [main] s.b.a.e.w.s.WebMvcEndpointHandlerMapping : Mapped "{[/actuator/info],methods=[GET],produces=[application/vnd.spring-boot.actuator.v2+json || application/json]}" onto public java.lang.Object org.springframework.boot.actuate.endpoint.web.servlet.AbstractWebMvcEndpointHandlerMapping$OperationHandler.handle(javax.servlet.http.HttpServletRequest,java.util.Map<java.lang.String, java.lang.String>)
2018-09-07 21:35:35.371  INFO 6756 --- [main] s.b.a.e.w.s.WebMvcEndpointHandlerMapping : Mapped "{[/actuator],methods=[GET],produces=[application/vnd.spring-boot.actuator.v2+json || application/json]}" onto protected java.util.Map<java.lang.String, java.util.Map<java.lang.String, org.springframework.boot.actuate.endpoint.web.Link>> org.springframework.boot.actuate.endpoint.web.servlet.WebMvcEndpointHandlerMapping.links(javax.servlet.http.HttpServletRequest,javax.servlet.http.HttpServletResponse)
2018-09-07 21:35:35.411  INFO 6756 --- [main] o.s.j.e.a.AnnotationMBeanExporter        : Registering beans for JMX exposure on startup
2018-09-07 21:35:35.420  INFO 6756 --- [main] o.s.c.support.DefaultLifecycleProcessor  : Starting beans in phase 2147483647
2018-09-07 21:35:35.446  INFO 6756 --- [main] o.s.b.w.embedded.tomcat.TomcatWebServer  : Tomcat started on port(s): 38674 (http) with context path ''
2018-09-07 21:35:35.449  INFO 6756 --- [main] ar.com.tandilweb.byo.backend.App         : Started App in 3.231 seconds (JVM running for 3.563)
2018-09-07 21:36:09.843  INFO 6756 --- [http-nio-38674-exec-1] o.a.c.c.C.[Tomcat].[localhost].[/]       : Initializing Spring FrameworkServlet 'dispatcherServlet'
2018-09-07 21:36:09.843  INFO 6756 --- [http-nio-38674-exec-1] o.s.web.servlet.DispatcherServlet        : FrameworkServlet 'dispatcherServlet': initialization started
2018-09-07 21:36:09.856  INFO 6756 --- [http-nio-38674-exec-1] o.s.web.servlet.DispatcherServlet        : FrameworkServlet 'dispatcherServlet': initialization completed in 13 ms
