2019-04-06 10:31:46.697 ERROR 4104 --- [main] o.s.b.c.l.LoggingApplicationListener     : Cannot set level: ERROR. for 'org.hibernate'
2019-04-06 10:31:47.245  INFO 4104 --- [main] ar.com.tandilweb.byo.backend.App         : Starting App on Equipo-01 with PID 4104 (/home/ezequiel/git/byo-backend/backend/target/classes started by ezequiel in /home/ezequiel/git/byo-backend/backend)
2019-04-06 10:31:47.247 DEBUG 4104 --- [main] ar.com.tandilweb.byo.backend.App         : Running with Spring Boot v2.0.2.RELEASE, Spring v5.0.6.RELEASE
2019-04-06 10:31:47.250  INFO 4104 --- [main] ar.com.tandilweb.byo.backend.App         : No active profile set, falling back to default profiles: default
2019-04-06 10:31:47.432  INFO 4104 --- [main] ConfigServletWebServerApplicationContext : Refreshing org.springframework.boot.web.servlet.context.AnnotationConfigServletWebServerApplicationContext@5e403b4a: startup date [Sat Apr 06 10:31:47 ART 2019]; root of context hierarchy
2019-04-06 10:31:50.950  INFO 4104 --- [main] trationDelegate$BeanPostProcessorChecker : Bean 'org.springframework.transaction.annotation.ProxyTransactionManagementConfiguration' of type [org.springframework.transaction.annotation.ProxyTransactionManagementConfiguration$$EnhancerBySpringCGLIB$$bc55ad25] is not eligible for getting processed by all BeanPostProcessors (for example: not eligible for auto-proxying)
2019-04-06 10:31:51.575 ERROR 4104 --- [main] o.a.catalina.core.AprLifecycleListener   : An incompatible version [1.2.12] of the APR based Apache Tomcat Native library is installed, while Tomcat requires version [1.2.14]
2019-04-06 10:31:51.778  INFO 4104 --- [main] o.s.b.w.embedded.tomcat.TomcatWebServer  : Tomcat initialized with port(s): 38674 (http)
2019-04-06 10:31:51.816 ERROR 4104 --- [main] o.a.catalina.core.AprLifecycleListener   : An incompatible version [1.2.12] of the APR based Apache Tomcat Native library is installed, while Tomcat requires version [1.2.14]
2019-04-06 10:31:51.831  INFO 4104 --- [main] o.apache.catalina.core.StandardService   : Starting service [Tomcat]
2019-04-06 10:31:51.832  INFO 4104 --- [main] org.apache.catalina.core.StandardEngine  : Starting Servlet Engine: Apache Tomcat/8.5.31
2019-04-06 10:31:51.847 ERROR 4104 --- [localhost-startStop-1] o.a.catalina.core.AprLifecycleListener   : An incompatible version [1.2.12] of the APR based Apache Tomcat Native library is installed, while Tomcat requires version [1.2.14]
2019-04-06 10:31:52.343  INFO 4104 --- [localhost-startStop-1] o.a.c.c.C.[Tomcat].[localhost].[/]       : Initializing Spring embedded WebApplicationContext
2019-04-06 10:31:59.286  INFO 4104 --- [localhost-startStop-1] o.s.b.w.servlet.FilterRegistrationBean   : Mapping filter: 'characterEncodingFilter' to: [/*]
2019-04-06 10:31:59.287  INFO 4104 --- [localhost-startStop-1] o.s.b.w.servlet.FilterRegistrationBean   : Mapping filter: 'hiddenHttpMethodFilter' to: [/*]
2019-04-06 10:31:59.287  INFO 4104 --- [localhost-startStop-1] o.s.b.w.servlet.FilterRegistrationBean   : Mapping filter: 'httpPutFormContentFilter' to: [/*]
2019-04-06 10:31:59.288  INFO 4104 --- [localhost-startStop-1] o.s.b.w.servlet.FilterRegistrationBean   : Mapping filter: 'requestContextFilter' to: [/*]
2019-04-06 10:31:59.288  INFO 4104 --- [localhost-startStop-1] o.s.b.w.servlet.FilterRegistrationBean   : Mapping filter: 'corsFilter' to urls: [/graphql/*]
2019-04-06 10:31:59.288  INFO 4104 --- [localhost-startStop-1] o.s.b.w.servlet.FilterRegistrationBean   : Mapping filter: 'jwtFilter' to urls: [/graphql/*]
2019-04-06 10:31:59.288  INFO 4104 --- [localhost-startStop-1] o.s.b.w.servlet.FilterRegistrationBean   : Mapping filter: 'jwtValidFilter' to urls: [/graphql/*]
2019-04-06 10:31:59.288  INFO 4104 --- [localhost-startStop-1] o.s.b.w.servlet.FilterRegistrationBean   : Mapping filter: 'httpTraceFilter' to: [/*]
2019-04-06 10:31:59.289  INFO 4104 --- [localhost-startStop-1] o.s.b.w.servlet.FilterRegistrationBean   : Mapping filter: 'webMvcMetricsFilter' to: [/*]
2019-04-06 10:31:59.289  INFO 4104 --- [localhost-startStop-1] o.s.b.w.servlet.ServletRegistrationBean  : Servlet dispatcherServlet mapped to [/]
2019-04-06 10:31:59.436 DEBUG 4104 --- [localhost-startStop-1] a.c.t.byo.backend.Filters.JWT.JWTFilter  : Filter JWT Initialized
2019-04-06 10:32:01.209  INFO 4104 --- [main] o.s.s.concurrent.ThreadPoolTaskExecutor  : Initializing ExecutorService  'clientInboundChannelExecutor'
2019-04-06 10:32:01.272  INFO 4104 --- [main] o.s.s.concurrent.ThreadPoolTaskExecutor  : Initializing ExecutorService  'clientOutboundChannelExecutor'
2019-04-06 10:32:01.515  INFO 4104 --- [main] o.s.s.c.ThreadPoolTaskScheduler          : Initializing ExecutorService  'messageBrokerTaskScheduler'
2019-04-06 10:32:01.726  INFO 4104 --- [main] o.s.s.concurrent.ThreadPoolTaskExecutor  : Initializing ExecutorService  'brokerChannelExecutor'
2019-04-06 10:32:04.869  INFO 4104 --- [main] o.s.s.c.ThreadPoolTaskScheduler          : Initializing ExecutorService  'defaultSockJsTaskScheduler'
2019-04-06 10:32:06.075  INFO 4104 --- [main] o.s.b.a.e.web.EndpointLinksResolver      : Exposing 2 endpoint(s) beneath base path '/actuator'
2019-04-06 10:32:06.103  INFO 4104 --- [main] s.b.a.e.w.s.WebMvcEndpointHandlerMapping : Mapped "{[/actuator/health],methods=[GET],produces=[application/vnd.spring-boot.actuator.v2+json || application/json]}" onto public java.lang.Object org.springframework.boot.actuate.endpoint.web.servlet.AbstractWebMvcEndpointHandlerMapping$OperationHandler.handle(javax.servlet.http.HttpServletRequest,java.util.Map<java.lang.String, java.lang.String>)
2019-04-06 10:32:06.112  INFO 4104 --- [main] s.b.a.e.w.s.WebMvcEndpointHandlerMapping : Mapped "{[/actuator/info],methods=[GET],produces=[application/vnd.spring-boot.actuator.v2+json || application/json]}" onto public java.lang.Object org.springframework.boot.actuate.endpoint.web.servlet.AbstractWebMvcEndpointHandlerMapping$OperationHandler.handle(javax.servlet.http.HttpServletRequest,java.util.Map<java.lang.String, java.lang.String>)
2019-04-06 10:32:06.116  INFO 4104 --- [main] s.b.a.e.w.s.WebMvcEndpointHandlerMapping : Mapped "{[/actuator],methods=[GET],produces=[application/vnd.spring-boot.actuator.v2+json || application/json]}" onto protected java.util.Map<java.lang.String, java.util.Map<java.lang.String, org.springframework.boot.actuate.endpoint.web.Link>> org.springframework.boot.actuate.endpoint.web.servlet.WebMvcEndpointHandlerMapping.links(javax.servlet.http.HttpServletRequest,javax.servlet.http.HttpServletResponse)
2019-04-06 10:32:06.278  INFO 4104 --- [main] o.s.j.e.a.AnnotationMBeanExporter        : Registering beans for JMX exposure on startup
2019-04-06 10:32:06.306  INFO 4104 --- [main] o.s.c.support.DefaultLifecycleProcessor  : Starting beans in phase 2147483647
2019-04-06 10:32:06.307  INFO 4104 --- [main] o.s.m.s.b.SimpleBrokerMessageHandler     : Starting...
2019-04-06 10:32:06.308  INFO 4104 --- [main] o.s.m.s.b.SimpleBrokerMessageHandler     : BrokerAvailabilityEvent[available=true, SimpleBrokerMessageHandler [DefaultSubscriptionRegistry[cache[0 destination(s)], registry[0 sessions]]]]
2019-04-06 10:32:06.309  INFO 4104 --- [main] o.s.m.s.b.SimpleBrokerMessageHandler     : Started.
2019-04-06 10:32:06.552  INFO 4104 --- [main] o.s.b.w.embedded.tomcat.TomcatWebServer  : Tomcat started on port(s): 38674 (http) with context path ''
2019-04-06 10:32:06.570  INFO 4104 --- [main] ar.com.tandilweb.byo.backend.App         : Started App in 20.711 seconds (JVM running for 22.199)
2019-04-06 10:32:18.851 ERROR 4104 --- [http-nio-38674-exec-1] o.a.catalina.core.AprLifecycleListener   : An incompatible version [1.2.12] of the APR based Apache Tomcat Native library is installed, while Tomcat requires version [1.2.14]
2019-04-06 10:32:18.866  INFO 4104 --- [http-nio-38674-exec-1] o.a.c.c.C.[Tomcat].[localhost].[/]       : Initializing Spring FrameworkServlet 'dispatcherServlet'
2019-04-06 10:32:18.917 DEBUG 4104 --- [http-nio-38674-exec-1] a.c.t.byo.backend.Filters.JWT.JWTFilter  : Filter JWT Appl
2019-04-06 10:32:18.918 DEBUG 4104 --- [http-nio-38674-exec-1] a.c.t.b.b.Filters.JWT.JWTValidFilter     : Filter Validate JWT
2019-04-06 10:32:19.032 DEBUG 4104 --- [http-nio-38674-exec-1] a.c.t.byo.backend.Filters.JWT.JWTFilter  : Filter JWT Appl
2019-04-06 10:32:19.033 DEBUG 4104 --- [http-nio-38674-exec-1] a.c.t.b.b.Filters.JWT.JWTValidFilter     : Filter Validate JWT
2019-04-06 10:32:19.670 DEBUG 4104 --- [http-nio-38674-exec-1] a.c.t.b.b.P.G.AccountServiceGQL          : Requesting AccountService_login
2019-04-06 10:32:19.670 DEBUG 4104 --- [http-nio-38674-exec-1] a.c.t.byo.backend.Transport.UserAdapter  : logeando
2019-04-06 10:32:20.503 DEBUG 4104 --- [http-nio-38674-exec-1] a.c.t.b.b.P.G.AccountServiceGQL          : Responding AccountService_login
2019-04-06 10:32:20.582 DEBUG 4104 --- [http-nio-38674-exec-2] a.c.t.byo.backend.Filters.JWT.JWTFilter  : Filter JWT Appl
2019-04-06 10:32:20.594 ERROR 4104 --- [http-nio-38674-exec-3] o.a.catalina.core.AprLifecycleListener   : An incompatible version [1.2.12] of the APR based Apache Tomcat Native library is installed, while Tomcat requires version [1.2.14]
2019-04-06 10:32:20.596 DEBUG 4104 --- [http-nio-38674-exec-3] a.c.t.byo.backend.Filters.JWT.JWTFilter  : Filter JWT Appl
2019-04-06 10:32:22.879 DEBUG 4104 --- [http-nio-38674-exec-2] a.c.t.b.b.Filters.JWT.JWTValidFilter     : Filter Validate JWT
2019-04-06 10:32:22.897 DEBUG 4104 --- [http-nio-38674-exec-2] a.c.t.b.b.P.G.NotificationServiceGQL     : Requesting NotificationService_getLastNotificationsNumber
2019-04-06 10:32:23.082 DEBUG 4104 --- [http-nio-38674-exec-3] a.c.t.b.b.Filters.JWT.JWTValidFilter     : Filter Validate JWT
2019-04-06 10:32:23.096 DEBUG 4104 --- [http-nio-38674-exec-3] a.c.t.b.b.P.G.GeoposysServiceGQL         : Requesting GeoposysService_getUsersClose
2019-04-06 10:32:23.279 DEBUG 4104 --- [http-nio-38674-exec-2] a.c.t.b.b.P.G.NotificationServiceGQL     : Responding NotificationService_markRequestNotificationsAsViewed
2019-04-06 10:32:23.806  INFO 4104 --- [http-nio-38674-exec-3] o.s.b.f.xml.XmlBeanDefinitionReader      : Loading XML bean definitions from class path resource [org/springframework/jdbc/support/sql-error-codes.xml]
2019-04-06 10:32:23.895  INFO 4104 --- [http-nio-38674-exec-3] o.s.jdbc.support.SQLErrorCodesFactory    : SQLErrorCodes loaded: [DB2, Derby, H2, HDB, HSQL, Informix, MS-SQL, MySQL, Oracle, PostgreSQL, Sybase]
2019-04-06 10:32:24.571 DEBUG 4104 --- [http-nio-38674-exec-3] a.c.t.b.b.P.G.GeoposysServiceGQL         : Responding GeoposysService_getUsersClose
2019-04-06 10:32:32.144 DEBUG 4104 --- [http-nio-38674-exec-4] a.c.t.byo.backend.Filters.JWT.JWTFilter  : Filter JWT Appl
2019-04-06 10:32:32.148 DEBUG 4104 --- [http-nio-38674-exec-5] a.c.t.byo.backend.Filters.JWT.JWTFilter  : Filter JWT Appl
2019-04-06 10:32:32.498 DEBUG 4104 --- [http-nio-38674-exec-4] a.c.t.b.b.Filters.JWT.JWTValidFilter     : Filter Validate JWT
2019-04-06 10:32:32.509 DEBUG 4104 --- [http-nio-38674-exec-4] a.c.t.b.b.P.G.NotificationServiceGQL     : Requesting NotificationService_getLastNotificationsNumber
2019-04-06 10:32:32.682 DEBUG 4104 --- [http-nio-38674-exec-5] a.c.t.b.b.Filters.JWT.JWTValidFilter     : Filter Validate JWT
2019-04-06 10:32:32.690 DEBUG 4104 --- [http-nio-38674-exec-5] a.c.t.b.b.P.G.NotificationServiceGQL     : Requesting NotificationService_getLastNotifications
2019-04-06 10:32:32.856 DEBUG 4104 --- [http-nio-38674-exec-4] a.c.t.b.b.P.G.NotificationServiceGQL     : Responding NotificationService_markRequestNotificationsAsViewed
2019-04-06 10:32:38.124 DEBUG 4104 --- [http-nio-38674-exec-5] a.c.t.b.b.P.G.NotificationServiceGQL     : Responding NotificationService_markRequestNotificationsAsViewed
2019-04-06 10:32:38.229 DEBUG 4104 --- [http-nio-38674-exec-6] a.c.t.byo.backend.Filters.JWT.JWTFilter  : Filter JWT Appl
2019-04-06 10:32:38.569 DEBUG 4104 --- [http-nio-38674-exec-6] a.c.t.b.b.Filters.JWT.JWTValidFilter     : Filter Validate JWT
2019-04-06 10:32:38.576 DEBUG 4104 --- [http-nio-38674-exec-6] a.c.t.b.b.P.G.NotificationServiceGQL     : Requesting NotificationService_markRequestNotificationsAsViewed
2019-04-06 10:32:38.915 DEBUG 4104 --- [http-nio-38674-exec-6] a.c.t.b.b.P.G.NotificationServiceGQL     : Responding NotificationService_markRequestNotificationsAsViewed
2019-04-06 10:32:53.338 DEBUG 4104 --- [http-nio-38674-exec-7] a.c.t.byo.backend.Filters.JWT.JWTFilter  : Filter JWT Appl
2019-04-06 10:32:53.338 DEBUG 4104 --- [http-nio-38674-exec-7] a.c.t.b.b.Filters.JWT.JWTValidFilter     : Filter Validate JWT
2019-04-06 10:32:53.350 DEBUG 4104 --- [http-nio-38674-exec-8] a.c.t.byo.backend.Filters.JWT.JWTFilter  : Filter JWT Appl
2019-04-06 10:32:53.351 DEBUG 4104 --- [http-nio-38674-exec-8] a.c.t.b.b.Filters.JWT.JWTValidFilter     : Filter Validate JWT
2019-04-06 10:32:53.365 DEBUG 4104 --- [http-nio-38674-exec-9] a.c.t.byo.backend.Filters.JWT.JWTFilter  : Filter JWT Appl
2019-04-06 10:32:53.368 DEBUG 4104 --- [http-nio-38674-exec-10] a.c.t.byo.backend.Filters.JWT.JWTFilter  : Filter JWT Appl
2019-04-06 10:32:53.708 DEBUG 4104 --- [http-nio-38674-exec-9] a.c.t.b.b.Filters.JWT.JWTValidFilter     : Filter Validate JWT
2019-04-06 10:32:53.713 DEBUG 4104 --- [http-nio-38674-exec-9] a.c.t.b.b.P.G.NotificationServiceGQL     : Requesting NotificationService_getLastNotificationsNumber
2019-04-06 10:32:53.887 DEBUG 4104 --- [http-nio-38674-exec-10] a.c.t.b.b.Filters.JWT.JWTValidFilter     : Filter Validate JWT
2019-04-06 10:32:53.895 DEBUG 4104 --- [http-nio-38674-exec-10] a.c.t.b.b.P.G.GeoposysServiceGQL         : Requesting GeoposysService_getUsersClose
2019-04-06 10:32:54.059 DEBUG 4104 --- [http-nio-38674-exec-9] a.c.t.b.b.P.G.NotificationServiceGQL     : Responding NotificationService_markRequestNotificationsAsViewed
2019-04-06 10:32:54.237 DEBUG 4104 --- [http-nio-38674-exec-1] a.c.t.byo.backend.Filters.JWT.JWTFilter  : Filter JWT Appl
2019-04-06 10:32:54.237 DEBUG 4104 --- [http-nio-38674-exec-1] a.c.t.b.b.Filters.JWT.JWTValidFilter     : Filter Validate JWT
2019-04-06 10:32:54.249 DEBUG 4104 --- [http-nio-38674-exec-2] a.c.t.byo.backend.Filters.JWT.JWTFilter  : Filter JWT Appl
2019-04-06 10:32:54.249 DEBUG 4104 --- [http-nio-38674-exec-2] a.c.t.b.b.Filters.JWT.JWTValidFilter     : Filter Validate JWT
2019-04-06 10:32:54.262 DEBUG 4104 --- [http-nio-38674-exec-3] a.c.t.byo.backend.Filters.JWT.JWTFilter  : Filter JWT Appl
2019-04-06 10:32:54.263 ERROR 4104 --- [http-nio-38674-exec-4] o.a.catalina.core.AprLifecycleListener   : An incompatible version [1.2.12] of the APR based Apache Tomcat Native library is installed, while Tomcat requires version [1.2.14]
2019-04-06 10:32:54.264 DEBUG 4104 --- [http-nio-38674-exec-4] a.c.t.byo.backend.Filters.JWT.JWTFilter  : Filter JWT Appl
2019-04-06 10:32:54.267 ERROR 4104 --- [http-nio-38674-exec-5] o.a.catalina.core.AprLifecycleListener   : An incompatible version [1.2.12] of the APR based Apache Tomcat Native library is installed, while Tomcat requires version [1.2.14]
2019-04-06 10:32:54.505 DEBUG 4104 --- [clientInboundChannel-4] a.c.t.b.b.P.W.Services.ChatHandler       : Nuevo Usuario: kyabdra4
2019-04-06 10:32:55.765 DEBUG 4104 --- [http-nio-38674-exec-9] a.c.t.byo.backend.Filters.JWT.JWTFilter  : Filter JWT Appl
2019-04-06 10:32:55.766 DEBUG 4104 --- [http-nio-38674-exec-9] a.c.t.b.b.Filters.JWT.JWTValidFilter     : Filter Validate JWT
2019-04-06 10:32:55.775 DEBUG 4104 --- [http-nio-38674-exec-1] a.c.t.byo.backend.Filters.JWT.JWTFilter  : Filter JWT Appl
2019-04-06 10:32:57.073 ERROR 4104 --- [http-nio-38674-exec-2] o.a.catalina.core.AprLifecycleListener   : An incompatible version [1.2.12] of the APR based Apache Tomcat Native library is installed, while Tomcat requires version [1.2.14]
2019-04-06 10:32:57.074 DEBUG 4104 --- [http-nio-38674-exec-2] a.c.t.byo.backend.Filters.JWT.JWTFilter  : Filter JWT Appl
2019-04-06 10:32:57.074 DEBUG 4104 --- [http-nio-38674-exec-2] a.c.t.b.b.Filters.JWT.JWTValidFilter     : Filter Validate JWT
2019-04-06 10:32:57.084 DEBUG 4104 --- [http-nio-38674-exec-5] a.c.t.byo.backend.Filters.JWT.JWTFilter  : Filter JWT Appl
2019-04-06 10:32:58.654 DEBUG 4104 --- [http-nio-38674-exec-4] a.c.t.b.b.Filters.JWT.JWTValidFilter     : Filter Validate JWT
2019-04-06 10:32:58.658 DEBUG 4104 --- [http-nio-38674-exec-4] a.c.t.b.b.P.G.InteractionServiceGQL      : Requesting InteractionService_getContacts
2019-04-06 10:32:58.825 DEBUG 4104 --- [http-nio-38674-exec-1] a.c.t.b.b.Filters.JWT.JWTValidFilter     : Filter Validate JWT
2019-04-06 10:32:58.825 DEBUG 4104 --- [http-nio-38674-exec-3] a.c.t.b.b.Filters.JWT.JWTValidFilter     : Filter Validate JWT
2019-04-06 10:32:58.830 DEBUG 4104 --- [http-nio-38674-exec-3] a.c.t.b.b.P.G.NotificationServiceGQL     : Requesting NotificationService_getLastNotificationsNumber
2019-04-06 10:32:58.832 DEBUG 4104 --- [http-nio-38674-exec-1] a.c.t.b.b.P.GQLServices.ChatServiceGQL   : Requesting ChatService_listaChats
2019-04-06 10:32:59.368 ERROR 4104 --- [http-nio-38674-exec-6] o.a.catalina.core.AprLifecycleListener   : An incompatible version [1.2.12] of the APR based Apache Tomcat Native library is installed, while Tomcat requires version [1.2.14]
2019-04-06 10:32:59.369 DEBUG 4104 --- [http-nio-38674-exec-6] a.c.t.byo.backend.Filters.JWT.JWTFilter  : Filter JWT Appl
2019-04-06 10:32:59.369 DEBUG 4104 --- [http-nio-38674-exec-6] a.c.t.b.b.Filters.JWT.JWTValidFilter     : Filter Validate JWT
2019-04-06 10:32:59.381 DEBUG 4104 --- [http-nio-38674-exec-7] a.c.t.byo.backend.Filters.JWT.JWTFilter  : Filter JWT Appl
2019-04-06 10:32:59.512 DEBUG 4104 --- [http-nio-38674-exec-5] a.c.t.b.b.Filters.JWT.JWTValidFilter     : Filter Validate JWT
2019-04-06 10:32:59.517 DEBUG 4104 --- [http-nio-38674-exec-5] a.c.t.b.b.P.G.NotificationServiceGQL     : Requesting NotificationService_getLastNotifications
2019-04-06 10:32:59.845 DEBUG 4104 --- [http-nio-38674-exec-10] a.c.t.b.b.P.G.GeoposysServiceGQL         : Responding GeoposysService_getUsersClose
2019-04-06 10:33:00.718 DEBUG 4104 --- [http-nio-38674-exec-8] a.c.t.byo.backend.Filters.JWT.JWTFilter  : Filter JWT Appl
2019-04-06 10:33:00.719 DEBUG 4104 --- [http-nio-38674-exec-8] a.c.t.b.b.Filters.JWT.JWTValidFilter     : Filter Validate JWT
2019-04-06 10:33:00.736 DEBUG 4104 --- [http-nio-38674-exec-9] a.c.t.byo.backend.Filters.JWT.JWTFilter  : Filter JWT Appl
2019-04-06 10:33:04.283 DEBUG 4104 --- [http-nio-38674-exec-3] a.c.t.b.b.P.G.NotificationServiceGQL     : Responding NotificationService_markRequestNotificationsAsViewed
2019-04-06 10:33:04.455 DEBUG 4104 --- [http-nio-38674-exec-9] a.c.t.b.b.Filters.JWT.JWTValidFilter     : Filter Validate JWT
2019-04-06 10:33:04.461 DEBUG 4104 --- [http-nio-38674-exec-9] a.c.t.b.b.P.G.GeoposysServiceGQL         : Requesting GeoposysService_getUsersClose
2019-04-06 10:33:04.626 DEBUG 4104 --- [http-nio-38674-exec-7] a.c.t.b.b.Filters.JWT.JWTValidFilter     : Filter Validate JWT
2019-04-06 10:33:05.149 DEBUG 4104 --- [http-nio-38674-exec-2] a.c.t.byo.backend.Filters.JWT.JWTFilter  : Filter JWT Appl
2019-04-06 10:33:05.150 DEBUG 4104 --- [http-nio-38674-exec-2] a.c.t.b.b.Filters.JWT.JWTValidFilter     : Filter Validate JWT
2019-04-06 10:33:05.170 DEBUG 4104 --- [http-nio-38674-exec-6] a.c.t.byo.backend.Filters.JWT.JWTFilter  : Filter JWT Appl
2019-04-06 10:33:05.810 DEBUG 4104 --- [http-nio-38674-exec-6] a.c.t.b.b.Filters.JWT.JWTValidFilter     : Filter Validate JWT
2019-04-06 10:33:05.813 DEBUG 4104 --- [http-nio-38674-exec-6] a.c.t.b.b.P.G.NotificationServiceGQL     : Requesting NotificationService_getLastNotificationsNumber
2019-04-06 10:33:06.331 DEBUG 4104 --- [http-nio-38674-exec-9] a.c.t.b.b.P.G.GeoposysServiceGQL         : Responding GeoposysService_getUsersClose
2019-04-06 10:33:07.016 DEBUG 4104 --- [http-nio-38674-exec-6] a.c.t.b.b.P.G.NotificationServiceGQL     : Responding NotificationService_markRequestNotificationsAsViewed
2019-04-06 10:33:07.351 DEBUG 4104 --- [http-nio-38674-exec-4] a.c.t.b.b.P.G.InteractionServiceGQL      : Responding InteractionService_getContacts
2019-04-06 10:33:08.700 DEBUG 4104 --- [http-nio-38674-exec-1] a.c.t.b.b.P.GQLServices.ChatServiceGQL   : Responding ChatService_listaChats
2019-04-06 10:33:12.237 DEBUG 4104 --- [http-nio-38674-exec-5] a.c.t.b.b.P.G.NotificationServiceGQL     : Responding NotificationService_markRequestNotificationsAsViewed
2019-04-06 10:33:12.292 DEBUG 4104 --- [http-nio-38674-exec-10] a.c.t.byo.backend.Filters.JWT.JWTFilter  : Filter JWT Appl
2019-04-06 10:33:12.292 DEBUG 4104 --- [http-nio-38674-exec-10] a.c.t.b.b.Filters.JWT.JWTValidFilter     : Filter Validate JWT
2019-04-06 10:33:12.314 DEBUG 4104 --- [http-nio-38674-exec-8] a.c.t.byo.backend.Filters.JWT.JWTFilter  : Filter JWT Appl
2019-04-06 10:33:12.644 DEBUG 4104 --- [http-nio-38674-exec-8] a.c.t.b.b.Filters.JWT.JWTValidFilter     : Filter Validate JWT
2019-04-06 10:33:12.649 DEBUG 4104 --- [http-nio-38674-exec-8] a.c.t.b.b.P.G.NotificationServiceGQL     : Requesting NotificationService_markRequestNotificationsAsViewed
2019-04-06 10:33:13.000 DEBUG 4104 --- [http-nio-38674-exec-8] a.c.t.b.b.P.G.NotificationServiceGQL     : Responding NotificationService_markRequestNotificationsAsViewed
2019-04-06 10:33:22.918 DEBUG 4104 --- [http-nio-38674-exec-3] a.c.t.byo.backend.Filters.JWT.JWTFilter  : Filter JWT Appl
2019-04-06 10:33:22.918 DEBUG 4104 --- [http-nio-38674-exec-3] a.c.t.b.b.Filters.JWT.JWTValidFilter     : Filter Validate JWT
2019-04-06 10:33:22.927 DEBUG 4104 --- [http-nio-38674-exec-2] a.c.t.byo.backend.Filters.JWT.JWTFilter  : Filter JWT Appl
2019-04-06 10:33:22.927 DEBUG 4104 --- [http-nio-38674-exec-2] a.c.t.b.b.Filters.JWT.JWTValidFilter     : Filter Validate JWT
2019-04-06 10:33:22.939 DEBUG 4104 --- [http-nio-38674-exec-6] a.c.t.byo.backend.Filters.JWT.JWTFilter  : Filter JWT Appl
2019-04-06 10:33:22.939 DEBUG 4104 --- [http-nio-38674-exec-9] a.c.t.byo.backend.Filters.JWT.JWTFilter  : Filter JWT Appl
2019-04-06 10:33:23.400 DEBUG 4104 --- [http-nio-38674-exec-9] a.c.t.b.b.Filters.JWT.JWTValidFilter     : Filter Validate JWT
2019-04-06 10:33:23.647 DEBUG 4104 --- [http-nio-38674-exec-6] a.c.t.b.b.Filters.JWT.JWTValidFilter     : Filter Validate JWT
2019-04-06 10:33:23.652 DEBUG 4104 --- [http-nio-38674-exec-6] a.c.t.b.b.P.G.NotificationServiceGQL     : Requesting NotificationService_getLastNotificationsNumber
2019-04-06 10:33:23.983 DEBUG 4104 --- [http-nio-38674-exec-6] a.c.t.b.b.P.G.NotificationServiceGQL     : Responding NotificationService_markRequestNotificationsAsViewed
2019-04-06 10:33:51.535 DEBUG 4104 --- [http-nio-38674-exec-4] a.c.t.byo.backend.Filters.JWT.JWTFilter  : Filter JWT Appl
2019-04-06 10:33:51.535 DEBUG 4104 --- [http-nio-38674-exec-4] a.c.t.b.b.Filters.JWT.JWTValidFilter     : Filter Validate JWT
2019-04-06 10:33:51.547 DEBUG 4104 --- [http-nio-38674-exec-1] a.c.t.byo.backend.Filters.JWT.JWTFilter  : Filter JWT Appl
2019-04-06 10:33:51.548 DEBUG 4104 --- [http-nio-38674-exec-1] a.c.t.b.b.Filters.JWT.JWTValidFilter     : Filter Validate JWT
2019-04-06 10:33:51.566 DEBUG 4104 --- [http-nio-38674-exec-5] a.c.t.byo.backend.Filters.JWT.JWTFilter  : Filter JWT Appl
2019-04-06 10:33:51.568 DEBUG 4104 --- [http-nio-38674-exec-10] a.c.t.byo.backend.Filters.JWT.JWTFilter  : Filter JWT Appl
2019-04-06 10:33:51.911 DEBUG 4104 --- [http-nio-38674-exec-5] a.c.t.b.b.Filters.JWT.JWTValidFilter     : Filter Validate JWT
2019-04-06 10:33:51.915 DEBUG 4104 --- [http-nio-38674-exec-5] a.c.t.b.b.P.G.NotificationServiceGQL     : Requesting NotificationService_getLastNotificationsNumber
2019-04-06 10:33:52.091 DEBUG 4104 --- [http-nio-38674-exec-10] a.c.t.b.b.Filters.JWT.JWTValidFilter     : Filter Validate JWT
2019-04-06 10:33:52.097 DEBUG 4104 --- [http-nio-38674-exec-10] a.c.t.b.b.P.G.GeoposysServiceGQL         : Requesting GeoposysService_getUsersClose
2019-04-06 10:33:52.265 DEBUG 4104 --- [http-nio-38674-exec-5] a.c.t.b.b.P.G.NotificationServiceGQL     : Responding NotificationService_markRequestNotificationsAsViewed
2019-04-06 10:33:52.847 DEBUG 4104 --- [http-nio-38674-exec-8] a.c.t.byo.backend.Filters.JWT.JWTFilter  : Filter JWT Appl
2019-04-06 10:33:52.847 DEBUG 4104 --- [http-nio-38674-exec-8] a.c.t.b.b.Filters.JWT.JWTValidFilter     : Filter Validate JWT
2019-04-06 10:33:52.855 DEBUG 4104 --- [http-nio-38674-exec-7] a.c.t.byo.backend.Filters.JWT.JWTFilter  : Filter JWT Appl
2019-04-06 10:33:52.855 DEBUG 4104 --- [http-nio-38674-exec-7] a.c.t.b.b.Filters.JWT.JWTValidFilter     : Filter Validate JWT
2019-04-06 10:33:52.865 DEBUG 4104 --- [http-nio-38674-exec-3] a.c.t.byo.backend.Filters.JWT.JWTFilter  : Filter JWT Appl
2019-04-06 10:33:52.866 DEBUG 4104 --- [http-nio-38674-exec-2] a.c.t.byo.backend.Filters.JWT.JWTFilter  : Filter JWT Appl
2019-04-06 10:33:53.105 DEBUG 4104 --- [http-nio-38674-exec-10] a.c.t.b.b.P.G.GeoposysServiceGQL         : Responding GeoposysService_getUsersClose
2019-04-06 10:33:53.280 DEBUG 4104 --- [http-nio-38674-exec-2] a.c.t.b.b.Filters.JWT.JWTValidFilter     : Filter Validate JWT
2019-04-06 10:33:53.283 DEBUG 4104 --- [http-nio-38674-exec-2] a.c.t.b.b.P.G.InteractionServiceGQL      : Requesting InteractionService_getContacts
2019-04-06 10:33:53.456 DEBUG 4104 --- [http-nio-38674-exec-3] a.c.t.b.b.Filters.JWT.JWTValidFilter     : Filter Validate JWT
2019-04-06 10:33:53.460 DEBUG 4104 --- [http-nio-38674-exec-3] a.c.t.b.b.P.G.NotificationServiceGQL     : Requesting NotificationService_getLastNotificationsNumber
2019-04-06 10:33:53.958 DEBUG 4104 --- [http-nio-38674-exec-3] a.c.t.b.b.P.G.NotificationServiceGQL     : Responding NotificationService_markRequestNotificationsAsViewed
2019-04-06 10:33:56.150 DEBUG 4104 --- [http-nio-38674-exec-2] a.c.t.b.b.P.G.InteractionServiceGQL      : Responding InteractionService_getContacts
2019-04-06 10:33:57.413 DEBUG 4104 --- [http-nio-38674-exec-9] a.c.t.byo.backend.Filters.JWT.JWTFilter  : Filter JWT Appl
2019-04-06 10:33:57.414 DEBUG 4104 --- [http-nio-38674-exec-9] a.c.t.b.b.Filters.JWT.JWTValidFilter     : Filter Validate JWT
2019-04-06 10:33:57.420 DEBUG 4104 --- [http-nio-38674-exec-4] a.c.t.byo.backend.Filters.JWT.JWTFilter  : Filter JWT Appl
2019-04-06 10:33:57.420 DEBUG 4104 --- [http-nio-38674-exec-4] a.c.t.b.b.Filters.JWT.JWTValidFilter     : Filter Validate JWT
2019-04-06 10:33:57.428 DEBUG 4104 --- [http-nio-38674-exec-1] a.c.t.byo.backend.Filters.JWT.JWTFilter  : Filter JWT Appl
2019-04-06 10:33:57.429 DEBUG 4104 --- [http-nio-38674-exec-5] a.c.t.byo.backend.Filters.JWT.JWTFilter  : Filter JWT Appl
2019-04-06 10:33:57.772 DEBUG 4104 --- [http-nio-38674-exec-1] a.c.t.b.b.Filters.JWT.JWTValidFilter     : Filter Validate JWT
2019-04-06 10:33:57.774 DEBUG 4104 --- [http-nio-38674-exec-1] a.c.t.b.b.P.G.NotificationServiceGQL     : Requesting NotificationService_getLastNotificationsNumber
2019-04-06 10:33:57.946 DEBUG 4104 --- [http-nio-38674-exec-5] a.c.t.b.b.Filters.JWT.JWTValidFilter     : Filter Validate JWT
2019-04-06 10:33:57.952 DEBUG 4104 --- [http-nio-38674-exec-5] a.c.t.b.b.P.GQLServices.ChatServiceGQL   : Requesting ChatService_listaChats
2019-04-06 10:33:58.115 DEBUG 4104 --- [http-nio-38674-exec-1] a.c.t.b.b.P.G.NotificationServiceGQL     : Responding NotificationService_markRequestNotificationsAsViewed
2019-04-06 10:34:01.311 DEBUG 4104 --- [http-nio-38674-exec-5] a.c.t.b.b.P.GQLServices.ChatServiceGQL   : Responding ChatService_listaChats
2019-04-06 10:34:15.223 DEBUG 4104 --- [http-nio-38674-exec-3] a.c.t.byo.backend.Filters.JWT.JWTFilter  : Filter JWT Appl
2019-04-06 10:34:15.224 DEBUG 4104 --- [http-nio-38674-exec-3] a.c.t.b.b.Filters.JWT.JWTValidFilter     : Filter Validate JWT
2019-04-06 10:34:15.230 DEBUG 4104 --- [http-nio-38674-exec-6] a.c.t.byo.backend.Filters.JWT.JWTFilter  : Filter JWT Appl
2019-04-06 10:34:15.230 DEBUG 4104 --- [http-nio-38674-exec-6] a.c.t.b.b.Filters.JWT.JWTValidFilter     : Filter Validate JWT
2019-04-06 10:34:15.233 DEBUG 4104 --- [http-nio-38674-exec-2] a.c.t.byo.backend.Filters.JWT.JWTFilter  : Filter JWT Appl
2019-04-06 10:34:15.233 DEBUG 4104 --- [http-nio-38674-exec-9] a.c.t.byo.backend.Filters.JWT.JWTFilter  : Filter JWT Appl
2019-04-06 10:34:15.581 DEBUG 4104 --- [http-nio-38674-exec-2] a.c.t.b.b.Filters.JWT.JWTValidFilter     : Filter Validate JWT
2019-04-06 10:34:15.585 DEBUG 4104 --- [http-nio-38674-exec-2] a.c.t.b.b.P.G.NotificationServiceGQL     : Requesting NotificationService_getLastNotificationsNumber
2019-04-06 10:34:15.757 DEBUG 4104 --- [http-nio-38674-exec-9] a.c.t.b.b.Filters.JWT.JWTValidFilter     : Filter Validate JWT
2019-04-06 10:34:15.761 DEBUG 4104 --- [http-nio-38674-exec-9] a.c.t.b.b.P.G.InteractionServiceGQL      : Requesting InteractionService_getContacts
2019-04-06 10:34:15.932 DEBUG 4104 --- [http-nio-38674-exec-2] a.c.t.b.b.P.G.NotificationServiceGQL     : Responding NotificationService_markRequestNotificationsAsViewed
2019-04-06 10:34:17.074 DEBUG 4104 --- [http-nio-38674-exec-4] a.c.t.byo.backend.Filters.JWT.JWTFilter  : Filter JWT Appl
2019-04-06 10:34:17.074 DEBUG 4104 --- [http-nio-38674-exec-4] a.c.t.b.b.Filters.JWT.JWTValidFilter     : Filter Validate JWT
2019-04-06 10:34:17.081 DEBUG 4104 --- [http-nio-38674-exec-1] a.c.t.byo.backend.Filters.JWT.JWTFilter  : Filter JWT Appl
2019-04-06 10:34:17.081 DEBUG 4104 --- [http-nio-38674-exec-1] a.c.t.b.b.Filters.JWT.JWTValidFilter     : Filter Validate JWT
2019-04-06 10:34:17.099 DEBUG 4104 --- [http-nio-38674-exec-5] a.c.t.byo.backend.Filters.JWT.JWTFilter  : Filter JWT Appl
2019-04-06 10:34:17.100 DEBUG 4104 --- [http-nio-38674-exec-8] a.c.t.byo.backend.Filters.JWT.JWTFilter  : Filter JWT Appl
2019-04-06 10:34:17.458 DEBUG 4104 --- [http-nio-38674-exec-8] a.c.t.b.b.Filters.JWT.JWTValidFilter     : Filter Validate JWT
2019-04-06 10:34:17.463 DEBUG 4104 --- [http-nio-38674-exec-8] a.c.t.b.b.P.G.GeoposysServiceGQL         : Requesting GeoposysService_getUsersClose
2019-04-06 10:34:17.802 DEBUG 4104 --- [http-nio-38674-exec-5] a.c.t.b.b.Filters.JWT.JWTValidFilter     : Filter Validate JWT
2019-04-06 10:34:17.804 DEBUG 4104 --- [http-nio-38674-exec-5] a.c.t.b.b.P.G.NotificationServiceGQL     : Requesting NotificationService_getLastNotificationsNumber
2019-04-06 10:34:18.143 DEBUG 4104 --- [http-nio-38674-exec-5] a.c.t.b.b.P.G.NotificationServiceGQL     : Responding NotificationService_markRequestNotificationsAsViewed
2019-04-06 10:34:18.633 DEBUG 4104 --- [http-nio-38674-exec-9] a.c.t.b.b.P.G.InteractionServiceGQL      : Responding InteractionService_getContacts
2019-04-06 10:34:18.809 DEBUG 4104 --- [http-nio-38674-exec-8] a.c.t.b.b.P.G.GeoposysServiceGQL         : Responding GeoposysService_getUsersClose
2019-04-06 10:34:19.964 DEBUG 4104 --- [http-nio-38674-exec-7] a.c.t.byo.backend.Filters.JWT.JWTFilter  : Filter JWT Appl
2019-04-06 10:34:19.965 DEBUG 4104 --- [http-nio-38674-exec-7] a.c.t.b.b.Filters.JWT.JWTValidFilter     : Filter Validate JWT
2019-04-06 10:34:19.973 DEBUG 4104 --- [http-nio-38674-exec-10] a.c.t.byo.backend.Filters.JWT.JWTFilter  : Filter JWT Appl
2019-04-06 10:34:19.973 DEBUG 4104 --- [http-nio-38674-exec-10] a.c.t.b.b.Filters.JWT.JWTValidFilter     : Filter Validate JWT
2019-04-06 10:34:19.982 DEBUG 4104 --- [http-nio-38674-exec-3] a.c.t.byo.backend.Filters.JWT.JWTFilter  : Filter JWT Appl
2019-04-06 10:34:19.983 DEBUG 4104 --- [http-nio-38674-exec-6] a.c.t.byo.backend.Filters.JWT.JWTFilter  : Filter JWT Appl
2019-04-06 10:34:20.323 DEBUG 4104 --- [http-nio-38674-exec-3] a.c.t.b.b.Filters.JWT.JWTValidFilter     : Filter Validate JWT
2019-04-06 10:34:20.326 DEBUG 4104 --- [http-nio-38674-exec-3] a.c.t.b.b.P.G.NotificationServiceGQL     : Requesting NotificationService_getLastNotificationsNumber
2019-04-06 10:34:20.496 DEBUG 4104 --- [http-nio-38674-exec-6] a.c.t.b.b.Filters.JWT.JWTValidFilter     : Filter Validate JWT
2019-04-06 10:34:20.499 DEBUG 4104 --- [http-nio-38674-exec-6] a.c.t.b.b.P.G.InteractionServiceGQL      : Requesting InteractionService_getContacts
2019-04-06 10:34:20.838 DEBUG 4104 --- [http-nio-38674-exec-3] a.c.t.b.b.P.G.NotificationServiceGQL     : Responding NotificationService_markRequestNotificationsAsViewed
2019-04-06 10:34:23.346 DEBUG 4104 --- [http-nio-38674-exec-6] a.c.t.b.b.P.G.InteractionServiceGQL      : Responding InteractionService_getContacts
2019-04-06 10:34:26.683 DEBUG 4104 --- [http-nio-38674-exec-2] a.c.t.byo.backend.Filters.JWT.JWTFilter  : Filter JWT Appl
2019-04-06 10:34:26.683 DEBUG 4104 --- [http-nio-38674-exec-2] a.c.t.b.b.Filters.JWT.JWTValidFilter     : Filter Validate JWT
2019-04-06 10:34:26.691 DEBUG 4104 --- [http-nio-38674-exec-4] a.c.t.byo.backend.Filters.JWT.JWTFilter  : Filter JWT Appl
2019-04-06 10:34:26.691 DEBUG 4104 --- [http-nio-38674-exec-4] a.c.t.b.b.Filters.JWT.JWTValidFilter     : Filter Validate JWT
2019-04-06 10:34:26.698 DEBUG 4104 --- [http-nio-38674-exec-1] a.c.t.byo.backend.Filters.JWT.JWTFilter  : Filter JWT Appl
2019-04-06 10:34:26.701 DEBUG 4104 --- [http-nio-38674-exec-5] a.c.t.byo.backend.Filters.JWT.JWTFilter  : Filter JWT Appl
2019-04-06 10:34:27.050 DEBUG 4104 --- [http-nio-38674-exec-1] a.c.t.b.b.Filters.JWT.JWTValidFilter     : Filter Validate JWT
2019-04-06 10:34:27.053 DEBUG 4104 --- [http-nio-38674-exec-1] a.c.t.b.b.P.G.NotificationServiceGQL     : Requesting NotificationService_getLastNotificationsNumber
2019-04-06 10:34:27.216 DEBUG 4104 --- [http-nio-38674-exec-5] a.c.t.b.b.Filters.JWT.JWTValidFilter     : Filter Validate JWT
2019-04-06 10:34:27.220 DEBUG 4104 --- [http-nio-38674-exec-5] a.c.t.b.b.P.G.ConfigurationServiceGQL    : Requesting ConfigurationService_getInfoPerfil
2019-04-06 10:34:27.221 DEBUG 4104 --- [http-nio-38674-exec-5] a.c.t.b.b.P.G.ConfigurationServiceGQL    : Responding ConfigurationService_getInfoPerfil
2019-04-06 10:34:27.378 DEBUG 4104 --- [http-nio-38674-exec-1] a.c.t.b.b.P.G.NotificationServiceGQL     : Responding NotificationService_markRequestNotificationsAsViewed
2019-04-06 10:34:42.500 DEBUG 4104 --- [http-nio-38674-exec-9] a.c.t.byo.backend.Filters.JWT.JWTFilter  : Filter JWT Appl
2019-04-06 10:34:42.501 DEBUG 4104 --- [http-nio-38674-exec-9] a.c.t.b.b.Filters.JWT.JWTValidFilter     : Filter Validate JWT
2019-04-06 10:34:42.504 DEBUG 4104 --- [http-nio-38674-exec-8] a.c.t.byo.backend.Filters.JWT.JWTFilter  : Filter JWT Appl
2019-04-06 10:34:42.858 DEBUG 4104 --- [http-nio-38674-exec-8] a.c.t.b.b.Filters.JWT.JWTValidFilter     : Filter Validate JWT
2019-04-06 10:34:42.861 DEBUG 4104 --- [http-nio-38674-exec-8] a.c.t.b.b.P.G.ConfigurationServiceGQL    : Requesting ConfigurationService_changeReceiveNotifications
2019-04-06 10:34:43.196 DEBUG 4104 --- [http-nio-38674-exec-8] a.c.t.b.b.P.G.ConfigurationServiceGQL    : Responding ConfigurationService_changeReceiveNotifications
2019-04-06 10:34:49.975 DEBUG 4104 --- [http-nio-38674-exec-7] a.c.t.byo.backend.Filters.JWT.JWTFilter  : Filter JWT Appl
2019-04-06 10:34:49.975 DEBUG 4104 --- [http-nio-38674-exec-7] a.c.t.b.b.Filters.JWT.JWTValidFilter     : Filter Validate JWT
2019-04-06 10:34:49.983 DEBUG 4104 --- [http-nio-38674-exec-10] a.c.t.byo.backend.Filters.JWT.JWTFilter  : Filter JWT Appl
2019-04-06 10:34:49.983 DEBUG 4104 --- [http-nio-38674-exec-10] a.c.t.b.b.Filters.JWT.JWTValidFilter     : Filter Validate JWT
2019-04-06 10:34:49.987 DEBUG 4104 --- [http-nio-38674-exec-10] a.c.t.b.b.P.G.AccountServiceGQL          : Requesting AccountService_login
2019-04-06 10:34:49.987 DEBUG 4104 --- [http-nio-38674-exec-10] a.c.t.byo.backend.Transport.UserAdapter  : logeando
2019-04-06 10:34:50.741 DEBUG 4104 --- [http-nio-38674-exec-10] a.c.t.b.b.P.G.AccountServiceGQL          : Responding AccountService_login
2019-04-06 10:34:50.763 DEBUG 4104 --- [http-nio-38674-exec-3] a.c.t.byo.backend.Filters.JWT.JWTFilter  : Filter JWT Appl
2019-04-06 10:34:50.764 DEBUG 4104 --- [http-nio-38674-exec-3] a.c.t.b.b.Filters.JWT.JWTValidFilter     : Filter Validate JWT
2019-04-06 10:34:50.777 DEBUG 4104 --- [http-nio-38674-exec-6] a.c.t.byo.backend.Filters.JWT.JWTFilter  : Filter JWT Appl
2019-04-06 10:34:50.777 DEBUG 4104 --- [http-nio-38674-exec-6] a.c.t.b.b.Filters.JWT.JWTValidFilter     : Filter Validate JWT
2019-04-06 10:34:50.820 DEBUG 4104 --- [http-nio-38674-exec-2] a.c.t.byo.backend.Filters.JWT.JWTFilter  : Filter JWT Appl
2019-04-06 10:34:50.821 DEBUG 4104 --- [http-nio-38674-exec-4] a.c.t.byo.backend.Filters.JWT.JWTFilter  : Filter JWT Appl
2019-04-06 10:34:51.160 DEBUG 4104 --- [http-nio-38674-exec-2] a.c.t.b.b.Filters.JWT.JWTValidFilter     : Filter Validate JWT
2019-04-06 10:34:51.164 DEBUG 4104 --- [http-nio-38674-exec-2] a.c.t.b.b.P.G.NotificationServiceGQL     : Requesting NotificationService_getLastNotificationsNumber
2019-04-06 10:34:51.341 DEBUG 4104 --- [http-nio-38674-exec-4] a.c.t.b.b.Filters.JWT.JWTValidFilter     : Filter Validate JWT
2019-04-06 10:34:51.344 DEBUG 4104 --- [http-nio-38674-exec-4] a.c.t.b.b.P.G.GeoposysServiceGQL         : Requesting GeoposysService_getUsersClose
2019-04-06 10:34:51.515 DEBUG 4104 --- [http-nio-38674-exec-2] a.c.t.b.b.P.G.NotificationServiceGQL     : Responding NotificationService_markRequestNotificationsAsViewed
2019-04-06 10:34:52.360 DEBUG 4104 --- [http-nio-38674-exec-4] a.c.t.b.b.P.G.GeoposysServiceGQL         : Responding GeoposysService_getUsersClose
